<?xml version="1.0" encoding="UTF-8"?>
<!-- Generated by org.testng.reporters.JUnitXMLReporter -->
<testsuite ignored="0" hostname="Administrator" failures="0" tests="246" name="Default test" time="1463.329" errors="0" timestamp="2023-09-13T17:43:26 IST">
  <testcase classname="org.testrun.Rzpay_Testng_Run" name="execution" time="8.677"/>
  <testcase classname="org.testrun.Rzpay_Testng_Run" name="execution" time="6.584"/>
  <testcase classname="org.testrun.Rzpay_Testng_Run" name="execution" time="7.241"/>
  <testcase classname="org.testrun.Rzpay_Testng_Run" name="execution" time="6.346"/>
  <testcase classname="org.testrun.Rzpay_Testng_Run" name="execution" time="6.445"/>
  <testcase classname="org.testrun.Rzpay_Testng_Run" name="execution" time="6.337"/>
  <testcase classname="org.testrun.Rzpay_Testng_Run" name="execution" time="6.188"/>
  <testcase classname="org.testrun.Rzpay_Testng_Run" name="execution" time="5.785"/>
  <testcase classname="org.testrun.Rzpay_Testng_Run" name="execution" time="5.898"/>
  <testcase classname="org.testrun.Rzpay_Testng_Run" name="execution" time="6.314"/>
  <testcase classname="org.testrun.Rzpay_Testng_Run" name="execution" time="6.588"/>
  <testcase classname="org.testrun.Rzpay_Testng_Run" name="execution" time="5.924"/>
  <testcase classname="org.testrun.Rzpay_Testng_Run" name="execution" time="5.794"/>
  <testcase classname="org.testrun.Rzpay_Testng_Run" name="execution" time="6.306"/>
  <testcase classname="org.testrun.Rzpay_Testng_Run" name="execution" time="5.942"/>
  <testcase classname="org.testrun.Rzpay_Testng_Run" name="execution" time="6.057"/>
  <testcase classname="org.testrun.Rzpay_Testng_Run" name="execution" time="5.917"/>
  <testcase classname="org.testrun.Rzpay_Testng_Run" name="execution" time="5.703"/>
  <testcase classname="org.testrun.Rzpay_Testng_Run" name="execution" time="5.975"/>
  <testcase classname="org.testrun.Rzpay_Testng_Run" name="execution" time="6.406"/>
  <testcase classname="org.testrun.Rzpay_Testng_Run" name="execution" time="5.763"/>
  <testcase classname="org.testrun.Rzpay_Testng_Run" name="execution" time="6.042"/>
  <testcase classname="org.testrun.Rzpay_Testng_Run" name="execution" time="5.937"/>
  <testcase classname="org.testrun.Rzpay_Testng_Run" name="execution" time="5.876"/>
  <testcase classname="org.testrun.Rzpay_Testng_Run" name="execution" time="6.607"/>
  <testcase classname="org.testrun.Rzpay_Testng_Run" name="execution" time="7.024"/>
  <testcase classname="org.testrun.Rzpay_Testng_Run" name="execution" time="6.125"/>
  <testcase classname="org.testrun.Rzpay_Testng_Run" name="execution" time="5.813"/>
  <testcase classname="org.testrun.Rzpay_Testng_Run" name="execution" time="5.698"/>
  <testcase classname="org.testrun.Rzpay_Testng_Run" name="execution" time="5.98"/>
  <testcase classname="org.testrun.Rzpay_Testng_Run" name="execution" time="5.856"/>
  <testcase classname="org.testrun.Rzpay_Testng_Run" name="execution" time="5.867"/>
  <testcase classname="org.testrun.Rzpay_Testng_Run" name="execution" time="5.778"/>
  <testcase classname="org.testrun.Rzpay_Testng_Run" name="execution" time="6.103"/>
  <testcase classname="org.testrun.Rzpay_Testng_Run" name="execution" time="5.722"/>
  <testcase classname="org.testrun.Rzpay_Testng_Run" name="execution" time="5.833"/>
  <testcase classname="org.testrun.Rzpay_Testng_Run" name="execution" time="5.718"/>
  <testcase classname="org.testrun.Rzpay_Testng_Run" name="execution" time="5.921"/>
  <testcase classname="org.testrun.Rzpay_Testng_Run" name="execution" time="5.534"/>
  <testcase classname="org.testrun.Rzpay_Testng_Run" name="execution" time="5.804"/>
  <testcase classname="org.testrun.Rzpay_Testng_Run" name="execution" time="6.528"/>
  <testcase classname="org.testrun.Rzpay_Testng_Run" name="execution" time="5.884"/>
  <testcase classname="org.testrun.Rzpay_Testng_Run" name="execution" time="5.84"/>
  <testcase classname="org.testrun.Rzpay_Testng_Run" name="execution" time="5.836"/>
  <testcase classname="org.testrun.Rzpay_Testng_Run" name="execution" time="6.411"/>
  <testcase classname="org.testrun.Rzpay_Testng_Run" name="execution" time="6.61"/>
  <testcase classname="org.testrun.Rzpay_Testng_Run" name="execution" time="5.874"/>
  <testcase classname="org.testrun.Rzpay_Testng_Run" name="execution" time="5.974"/>
  <testcase classname="org.testrun.Rzpay_Testng_Run" name="execution" time="5.774"/>
  <testcase classname="org.testrun.Rzpay_Testng_Run" name="execution" time="6.505"/>
  <testcase classname="org.testrun.Rzpay_Testng_Run" name="execution" time="6.621"/>
  <testcase classname="org.testrun.Rzpay_Testng_Run" name="execution" time="6.191"/>
  <testcase classname="org.testrun.Rzpay_Testng_Run" name="execution" time="5.672"/>
  <testcase classname="org.testrun.Rzpay_Testng_Run" name="execution" time="9.891"/>
  <testcase classname="org.testrun.Rzpay_Testng_Run" name="execution" time="9.832"/>
  <testcase classname="org.testrun.Rzpay_Testng_Run" name="execution" time="5.866"/>
  <testcase classname="org.testrun.Rzpay_Testng_Run" name="execution" time="5.945"/>
  <testcase classname="org.testrun.Rzpay_Testng_Run" name="execution" time="6.53"/>
  <testcase classname="org.testrun.Rzpay_Testng_Run" name="execution" time="5.944"/>
  <testcase classname="org.testrun.Rzpay_Testng_Run" name="execution" time="5.829"/>
  <testcase classname="org.testrun.Rzpay_Testng_Run" name="execution" time="6.058"/>
  <testcase classname="org.testrun.Rzpay_Testng_Run" name="execution" time="7.012"/>
  <testcase classname="org.testrun.Rzpay_Testng_Run" name="execution" time="5.86"/>
  <testcase classname="org.testrun.Rzpay_Testng_Run" name="execution" time="5.89"/>
  <testcase classname="org.testrun.Rzpay_Testng_Run" name="execution" time="5.626"/>
  <testcase classname="org.testrun.Rzpay_Testng_Run" name="execution" time="6.132"/>
  <testcase classname="org.testrun.Rzpay_Testng_Run" name="execution" time="5.759"/>
  <testcase classname="org.testrun.Rzpay_Testng_Run" name="execution" time="6.101"/>
  <testcase classname="org.testrun.Rzpay_Testng_Run" name="execution" time="5.945"/>
  <testcase classname="org.testrun.Rzpay_Testng_Run" name="execution" time="6.013"/>
  <testcase classname="org.testrun.Rzpay_Testng_Run" name="execution" time="5.893"/>
  <testcase classname="org.testrun.Rzpay_Testng_Run" name="execution" time="5.606"/>
  <testcase classname="org.testrun.Rzpay_Testng_Run" name="execution" time="5.675"/>
  <testcase classname="org.testrun.Rzpay_Testng_Run" name="execution" time="5.991"/>
  <testcase classname="org.testrun.Rzpay_Testng_Run" name="execution" time="5.741"/>
  <testcase classname="org.testrun.Rzpay_Testng_Run" name="execution" time="5.931"/>
  <testcase classname="org.testrun.Rzpay_Testng_Run" name="execution" time="5.842"/>
  <testcase classname="org.testrun.Rzpay_Testng_Run" name="execution" time="5.816"/>
  <testcase classname="org.testrun.Rzpay_Testng_Run" name="execution" time="5.742"/>
  <testcase classname="org.testrun.Rzpay_Testng_Run" name="execution" time="5.78"/>
  <testcase classname="org.testrun.Rzpay_Testng_Run" name="execution" time="5.775"/>
  <testcase classname="org.testrun.Rzpay_Testng_Run" name="execution" time="5.994"/>
  <testcase classname="org.testrun.Rzpay_Testng_Run" name="execution" time="5.749"/>
  <testcase classname="org.testrun.Rzpay_Testng_Run" name="execution" time="5.934"/>
  <testcase classname="org.testrun.Rzpay_Testng_Run" name="execution" time="6.204"/>
  <testcase classname="org.testrun.Rzpay_Testng_Run" name="execution" time="5.588"/>
  <testcase classname="org.testrun.Rzpay_Testng_Run" name="execution" time="5.877"/>
  <testcase classname="org.testrun.Rzpay_Testng_Run" name="execution" time="5.835"/>
  <testcase classname="org.testrun.Rzpay_Testng_Run" name="execution" time="5.935"/>
  <testcase classname="org.testrun.Rzpay_Testng_Run" name="execution" time="5.83"/>
  <testcase classname="org.testrun.Rzpay_Testng_Run" name="execution" time="6.573"/>
  <testcase classname="org.testrun.Rzpay_Testng_Run" name="execution" time="5.59"/>
  <testcase classname="org.testrun.Rzpay_Testng_Run" name="execution" time="6.412"/>
  <testcase classname="org.testrun.Rzpay_Testng_Run" name="execution" time="6.064"/>
  <testcase classname="org.testrun.Rzpay_Testng_Run" name="execution" time="5.628"/>
  <testcase classname="org.testrun.Rzpay_Testng_Run" name="execution" time="5.822"/>
  <testcase classname="org.testrun.Rzpay_Testng_Run" name="execution" time="6.276"/>
  <testcase classname="org.testrun.Rzpay_Testng_Run" name="execution" time="5.749"/>
  <testcase classname="org.testrun.Rzpay_Testng_Run" name="execution" time="5.774"/>
  <testcase classname="org.testrun.Rzpay_Testng_Run" name="execution" time="5.576"/>
  <testcase classname="org.testrun.Rzpay_Testng_Run" name="execution" time="5.607"/>
  <testcase classname="org.testrun.Rzpay_Testng_Run" name="execution" time="5.739"/>
  <testcase classname="org.testrun.Rzpay_Testng_Run" name="execution" time="5.688"/>
  <testcase classname="org.testrun.Rzpay_Testng_Run" name="execution" time="5.649"/>
  <testcase classname="org.testrun.Rzpay_Testng_Run" name="execution" time="5.931"/>
  <testcase classname="org.testrun.Rzpay_Testng_Run" name="execution" time="5.88"/>
  <testcase classname="org.testrun.Rzpay_Testng_Run" name="execution" time="6.074"/>
  <testcase classname="org.testrun.Rzpay_Testng_Run" name="execution" time="6.556"/>
  <testcase classname="org.testrun.Rzpay_Testng_Run" name="execution" time="5.974"/>
  <testcase classname="org.testrun.Rzpay_Testng_Run" name="execution" time="6.204"/>
  <testcase classname="org.testrun.Rzpay_Testng_Run" name="execution" time="5.663"/>
  <testcase classname="org.testrun.Rzpay_Testng_Run" name="execution" time="6.757"/>
  <testcase classname="org.testrun.Rzpay_Testng_Run" name="execution" time="5.558"/>
  <testcase classname="org.testrun.Rzpay_Testng_Run" name="execution" time="5.924"/>
  <testcase classname="org.testrun.Rzpay_Testng_Run" name="execution" time="5.873"/>
  <testcase classname="org.testrun.Rzpay_Testng_Run" name="execution" time="6.744"/>
  <testcase classname="org.testrun.Rzpay_Testng_Run" name="execution" time="5.98"/>
  <testcase classname="org.testrun.Rzpay_Testng_Run" name="execution" time="5.918"/>
  <testcase classname="org.testrun.Rzpay_Testng_Run" name="execution" time="5.809"/>
  <testcase classname="org.testrun.Rzpay_Testng_Run" name="execution" time="5.852"/>
  <testcase classname="org.testrun.Rzpay_Testng_Run" name="execution" time="5.817"/>
  <testcase classname="org.testrun.Rzpay_Testng_Run" name="execution" time="5.891"/>
  <testcase classname="org.testrun.Rzpay_Testng_Run" name="execution" time="5.686"/>
  <testcase classname="org.testrun.Rzpay_Testng_Run" name="execution" time="6.604"/>
  <testcase classname="org.testrun.Rzpay_Testng_Run" name="execution" time="5.589"/>
  <testcase classname="org.testrun.Rzpay_Testng_Run" name="execution" time="5.735"/>
  <testcase classname="org.testrun.Rzpay_Testng_Run" name="execution" time="5.737"/>
  <testcase classname="org.testrun.Rzpay_Testng_Run" name="execution" time="6.17"/>
  <testcase classname="org.testrun.Rzpay_Testng_Run" name="execution" time="5.753"/>
  <testcase classname="org.testrun.Rzpay_Testng_Run" name="execution" time="5.795"/>
  <testcase classname="org.testrun.Rzpay_Testng_Run" name="execution" time="5.646"/>
  <testcase classname="org.testrun.Rzpay_Testng_Run" name="execution" time="6.034"/>
  <testcase classname="org.testrun.Rzpay_Testng_Run" name="execution" time="5.844"/>
  <testcase classname="org.testrun.Rzpay_Testng_Run" name="execution" time="5.876"/>
  <testcase classname="org.testrun.Rzpay_Testng_Run" name="execution" time="6.029"/>
  <testcase classname="org.testrun.Rzpay_Testng_Run" name="execution" time="5.783"/>
  <testcase classname="org.testrun.Rzpay_Testng_Run" name="execution" time="5.803"/>
  <testcase classname="org.testrun.Rzpay_Testng_Run" name="execution" time="5.817"/>
  <testcase classname="org.testrun.Rzpay_Testng_Run" name="execution" time="6.024"/>
  <testcase classname="org.testrun.Rzpay_Testng_Run" name="execution" time="5.943"/>
  <testcase classname="org.testrun.Rzpay_Testng_Run" name="execution" time="5.672"/>
  <testcase classname="org.testrun.Rzpay_Testng_Run" name="execution" time="5.931"/>
  <testcase classname="org.testrun.Rzpay_Testng_Run" name="execution" time="6.695"/>
  <testcase classname="org.testrun.Rzpay_Testng_Run" name="execution" time="5.659"/>
  <testcase classname="org.testrun.Rzpay_Testng_Run" name="execution" time="5.971"/>
  <testcase classname="org.testrun.Rzpay_Testng_Run" name="execution" time="6.165"/>
  <testcase classname="org.testrun.Rzpay_Testng_Run" name="execution" time="5.915"/>
  <testcase classname="org.testrun.Rzpay_Testng_Run" name="execution" time="6.193"/>
  <testcase classname="org.testrun.Rzpay_Testng_Run" name="execution" time="5.865"/>
  <testcase classname="org.testrun.Rzpay_Testng_Run" name="execution" time="5.675"/>
  <testcase classname="org.testrun.Rzpay_Testng_Run" name="execution" time="6.638"/>
  <testcase classname="org.testrun.Rzpay_Testng_Run" name="execution" time="6.114"/>
  <testcase classname="org.testrun.Rzpay_Testng_Run" name="execution" time="5.546"/>
  <testcase classname="org.testrun.Rzpay_Testng_Run" name="execution" time="5.927"/>
  <testcase classname="org.testrun.Rzpay_Testng_Run" name="execution" time="6.293"/>
  <testcase classname="org.testrun.Rzpay_Testng_Run" name="execution" time="5.714"/>
  <testcase classname="org.testrun.Rzpay_Testng_Run" name="execution" time="5.736"/>
  <testcase classname="org.testrun.Rzpay_Testng_Run" name="execution" time="5.456"/>
  <testcase classname="org.testrun.Rzpay_Testng_Run" name="execution" time="5.572"/>
  <testcase classname="org.testrun.Rzpay_Testng_Run" name="execution" time="5.534"/>
  <testcase classname="org.testrun.Rzpay_Testng_Run" name="execution" time="5.579"/>
  <testcase classname="org.testrun.Rzpay_Testng_Run" name="execution" time="6.771"/>
  <testcase classname="org.testrun.Rzpay_Testng_Run" name="execution" time="6.84"/>
  <testcase classname="org.testrun.Rzpay_Testng_Run" name="execution" time="5.773"/>
  <testcase classname="org.testrun.Rzpay_Testng_Run" name="execution" time="5.711"/>
  <testcase classname="org.testrun.Rzpay_Testng_Run" name="execution" time="5.883"/>
  <testcase classname="org.testrun.Rzpay_Testng_Run" name="execution" time="5.605"/>
  <testcase classname="org.testrun.Rzpay_Testng_Run" name="execution" time="5.685"/>
  <testcase classname="org.testrun.Rzpay_Testng_Run" name="execution" time="5.602"/>
  <testcase classname="org.testrun.Rzpay_Testng_Run" name="execution" time="6.191"/>
  <testcase classname="org.testrun.Rzpay_Testng_Run" name="execution" time="5.521"/>
  <testcase classname="org.testrun.Rzpay_Testng_Run" name="execution" time="5.715"/>
  <testcase classname="org.testrun.Rzpay_Testng_Run" name="execution" time="5.641"/>
  <testcase classname="org.testrun.Rzpay_Testng_Run" name="execution" time="5.535"/>
  <testcase classname="org.testrun.Rzpay_Testng_Run" name="execution" time="5.662"/>
  <testcase classname="org.testrun.Rzpay_Testng_Run" name="execution" time="5.498"/>
  <testcase classname="org.testrun.Rzpay_Testng_Run" name="execution" time="6.403"/>
  <testcase classname="org.testrun.Rzpay_Testng_Run" name="execution" time="5.608"/>
  <testcase classname="org.testrun.Rzpay_Testng_Run" name="execution" time="5.647"/>
  <testcase classname="org.testrun.Rzpay_Testng_Run" name="execution" time="5.534"/>
  <testcase classname="org.testrun.Rzpay_Testng_Run" name="execution" time="5.54"/>
  <testcase classname="org.testrun.Rzpay_Testng_Run" name="execution" time="5.629"/>
  <testcase classname="org.testrun.Rzpay_Testng_Run" name="execution" time="5.625"/>
  <testcase classname="org.testrun.Rzpay_Testng_Run" name="execution" time="6.256"/>
  <testcase classname="org.testrun.Rzpay_Testng_Run" name="execution" time="5.556"/>
  <testcase classname="org.testrun.Rzpay_Testng_Run" name="execution" time="5.671"/>
  <testcase classname="org.testrun.Rzpay_Testng_Run" name="execution" time="5.494"/>
  <testcase classname="org.testrun.Rzpay_Testng_Run" name="execution" time="5.604"/>
  <testcase classname="org.testrun.Rzpay_Testng_Run" name="execution" time="5.538"/>
  <testcase classname="org.testrun.Rzpay_Testng_Run" name="execution" time="5.62"/>
  <testcase classname="org.testrun.Rzpay_Testng_Run" name="execution" time="5.499"/>
  <testcase classname="org.testrun.Rzpay_Testng_Run" name="execution" time="5.394"/>
  <testcase classname="org.testrun.Rzpay_Testng_Run" name="execution" time="5.654"/>
  <testcase classname="org.testrun.Rzpay_Testng_Run" name="execution" time="5.608"/>
  <testcase classname="org.testrun.Rzpay_Testng_Run" name="execution" time="5.672"/>
  <testcase classname="org.testrun.Rzpay_Testng_Run" name="execution" time="5.647"/>
  <testcase classname="org.testrun.Rzpay_Testng_Run" name="execution" time="5.56"/>
  <testcase classname="org.testrun.Rzpay_Testng_Run" name="execution" time="5.649"/>
  <testcase classname="org.testrun.Rzpay_Testng_Run" name="execution" time="5.659"/>
  <testcase classname="org.testrun.Rzpay_Testng_Run" name="execution" time="5.661"/>
  <testcase classname="org.testrun.Rzpay_Testng_Run" name="execution" time="5.486"/>
  <testcase classname="org.testrun.Rzpay_Testng_Run" name="execution" time="5.756"/>
  <testcase classname="org.testrun.Rzpay_Testng_Run" name="execution" time="5.652"/>
  <testcase classname="org.testrun.Rzpay_Testng_Run" name="execution" time="5.855"/>
  <testcase classname="org.testrun.Rzpay_Testng_Run" name="execution" time="5.566"/>
  <testcase classname="org.testrun.Rzpay_Testng_Run" name="execution" time="5.567"/>
  <testcase classname="org.testrun.Rzpay_Testng_Run" name="execution" time="5.521"/>
  <testcase classname="org.testrun.Rzpay_Testng_Run" name="execution" time="5.847"/>
  <testcase classname="org.testrun.Rzpay_Testng_Run" name="execution" time="5.575"/>
  <testcase classname="org.testrun.Rzpay_Testng_Run" name="execution" time="5.686"/>
  <testcase classname="org.testrun.Rzpay_Testng_Run" name="execution" time="6.34"/>
  <testcase classname="org.testrun.Rzpay_Testng_Run" name="execution" time="6.218"/>
  <testcase classname="org.testrun.Rzpay_Testng_Run" name="execution" time="5.57"/>
  <testcase classname="org.testrun.Rzpay_Testng_Run" name="execution" time="5.655"/>
  <testcase classname="org.testrun.Rzpay_Testng_Run" name="execution" time="6.593"/>
  <testcase classname="org.testrun.Rzpay_Testng_Run" name="execution" time="5.756"/>
  <testcase classname="org.testrun.Rzpay_Testng_Run" name="execution" time="5.69"/>
  <testcase classname="org.testrun.Rzpay_Testng_Run" name="execution" time="5.562"/>
  <testcase classname="org.testrun.Rzpay_Testng_Run" name="execution" time="6.012"/>
  <testcase classname="org.testrun.Rzpay_Testng_Run" name="execution" time="5.548"/>
  <testcase classname="org.testrun.Rzpay_Testng_Run" name="execution" time="5.6"/>
  <testcase classname="org.testrun.Rzpay_Testng_Run" name="execution" time="6.676"/>
  <testcase classname="org.testrun.Rzpay_Testng_Run" name="execution" time="5.663"/>
  <testcase classname="org.testrun.Rzpay_Testng_Run" name="execution" time="6.04"/>
  <testcase classname="org.testrun.Rzpay_Testng_Run" name="execution" time="5.604"/>
  <testcase classname="org.testrun.Rzpay_Testng_Run" name="execution" time="5.831"/>
  <testcase classname="org.testrun.Rzpay_Testng_Run" name="execution" time="5.406"/>
  <testcase classname="org.testrun.Rzpay_Testng_Run" name="execution" time="5.583"/>
  <testcase classname="org.testrun.Rzpay_Testng_Run" name="execution" time="5.607"/>
  <testcase classname="org.testrun.Rzpay_Testng_Run" name="execution" time="6.629"/>
  <testcase classname="org.testrun.Rzpay_Testng_Run" name="execution" time="5.569"/>
  <testcase classname="org.testrun.Rzpay_Testng_Run" name="execution" time="5.494"/>
  <testcase classname="org.testrun.Rzpay_Testng_Run" name="execution" time="5.602"/>
  <testcase classname="org.testrun.Rzpay_Testng_Run" name="execution" time="5.498"/>
  <testcase classname="org.testrun.Rzpay_Testng_Run" name="execution" time="5.599"/>
  <testcase classname="org.testrun.Rzpay_Testng_Run" name="execution" time="5.814"/>
  <testcase classname="org.testrun.Rzpay_Testng_Run" name="execution" time="5.692"/>
  <testcase classname="org.testrun.Rzpay_Testng_Run" name="execution" time="5.768"/>
  <testcase classname="org.testrun.Rzpay_Testng_Run" name="execution" time="5.484"/>
  <testcase classname="org.testrun.Rzpay_Testng_Run" name="execution" time="5.997"/>
  <testcase classname="org.testrun.Rzpay_Testng_Run" name="execution" time="5.737"/>
  <testcase classname="org.testrun.Rzpay_Testng_Run" name="execution" time="5.706"/>
  <testcase classname="org.testrun.Rzpay_Testng_Run" name="execution" time="5.585"/>
  <testcase classname="org.testrun.Rzpay_Testng_Run" name="execution" time="5.652"/>
  <testcase classname="org.testrun.Rzpay_Testng_Run" name="execution" time="5.551"/>
  <testcase classname="org.testrun.Rzpay_Testng_Run" name="execution" time="5.965"/>
</testsuite> <!-- Default test -->
