<?xml version="1.0" encoding="UTF-8"?>
<testng-results ignored="0" total="246" passed="246" failed="0" skipped="0">
  <reporter-output>
  </reporter-output>
  <suite started-at="2023-09-13T17:19:02 IST" name="Default suite" finished-at="2023-09-13T17:43:26 IST" duration-ms="1463329">
    <groups>
    </groups>
    <test started-at="2023-09-13T17:19:02 IST" name="Default test" finished-at="2023-09-13T17:43:26 IST" duration-ms="1463329">
      <class name="org.testrun.Rzpay_Testng_Run">
        <test-method signature="execution(java.lang.String,java.lang.String,java.lang.String,java.lang.String,java.lang.String)[pri:0, instance:org.testrun.Rzpay_Testng_Run@28261e8e]" started-at="2023-09-13T17:19:04 IST" name="execution" data-provider="getTestData" finished-at="2023-09-13T17:19:13 IST" duration-ms="8677" status="PASS">
          <params>
            <param index="0">
              <value>
                <![CDATA[1]]>
              </value>
            </param>
            <param index="1">
              <value>
                <![CDATA[authentication_failed]]>
              </value>
            </param>
            <param index="2">
              <value>
                <![CDATA[Card]]>
              </value>
            </param>
            <param index="3">
              <value>
                <![CDATA[405.0]]>
              </value>
            </param>
            <param index="4">
              <value>
                <![CDATA[Payment Processing Failed,You have entered an invalid OTP,Kindly re-attempt payment using netbanking or UPI]]>
              </value>
            </param>
          </params>
          <reporter-output>
          </reporter-output>
        </test-method> <!-- execution -->
        <test-method signature="execution(java.lang.String,java.lang.String,java.lang.String,java.lang.String,java.lang.String)[pri:0, instance:org.testrun.Rzpay_Testng_Run@28261e8e]" started-at="2023-09-13T17:19:13 IST" name="execution" data-provider="getTestData" finished-at="2023-09-13T17:19:19 IST" duration-ms="6584" status="PASS">
          <params>
            <param index="0">
              <value>
                <![CDATA[2]]>
              </value>
            </param>
            <param index="1">
              <value>
                <![CDATA[authorisation_declined_by_psp]]>
              </value>
            </param>
            <param index="2">
              <value>
                <![CDATA[Card]]>
              </value>
            </param>
            <param index="3">
              <value>
                <![CDATA[406.0]]>
              </value>
            </param>
            <param index="4">
              <value>
                <![CDATA[Payment failed,There were some technical issues in processing your payment,Kindly re-attempt the payment after sometime]]>
              </value>
            </param>
          </params>
          <reporter-output>
          </reporter-output>
        </test-method> <!-- execution -->
        <test-method signature="execution(java.lang.String,java.lang.String,java.lang.String,java.lang.String,java.lang.String)[pri:0, instance:org.testrun.Rzpay_Testng_Run@28261e8e]" started-at="2023-09-13T17:19:19 IST" name="execution" data-provider="getTestData" finished-at="2023-09-13T17:19:26 IST" duration-ms="7241" status="PASS">
          <params>
            <param index="0">
              <value>
                <![CDATA[3]]>
              </value>
            </param>
            <param index="1">
              <value>
                <![CDATA[bank_account_invalid]]>
              </value>
            </param>
            <param index="2">
              <value>
                <![CDATA[Card]]>
              </value>
            </param>
            <param index="3">
              <value>
                <![CDATA[407.0]]>
              </value>
            </param>
            <param index="4">
              <value>
                <![CDATA[Payment failed,There were some issues in processing your payment,Kindly re-attempt the payment after sometime]]>
              </value>
            </param>
          </params>
          <reporter-output>
          </reporter-output>
        </test-method> <!-- execution -->
        <test-method signature="execution(java.lang.String,java.lang.String,java.lang.String,java.lang.String,java.lang.String)[pri:0, instance:org.testrun.Rzpay_Testng_Run@28261e8e]" started-at="2023-09-13T17:19:26 IST" name="execution" data-provider="getTestData" finished-at="2023-09-13T17:19:33 IST" duration-ms="6346" status="PASS">
          <params>
            <param index="0">
              <value>
                <![CDATA[4]]>
              </value>
            </param>
            <param index="1">
              <value>
                <![CDATA[bank_account_validation_failed]]>
              </value>
            </param>
            <param index="2">
              <value>
                <![CDATA[Card]]>
              </value>
            </param>
            <param index="3">
              <value>
                <![CDATA[408.0]]>
              </value>
            </param>
            <param index="4">
              <value>
                <![CDATA[Payment failed,There were some issues in processing your payment,Kindly re-attempt the payment after sometime]]>
              </value>
            </param>
          </params>
          <reporter-output>
          </reporter-output>
        </test-method> <!-- execution -->
        <test-method signature="execution(java.lang.String,java.lang.String,java.lang.String,java.lang.String,java.lang.String)[pri:0, instance:org.testrun.Rzpay_Testng_Run@28261e8e]" started-at="2023-09-13T17:19:33 IST" name="execution" data-provider="getTestData" finished-at="2023-09-13T17:19:39 IST" duration-ms="6445" status="PASS">
          <params>
            <param index="0">
              <value>
                <![CDATA[5]]>
              </value>
            </param>
            <param index="1">
              <value>
                <![CDATA[bank_cutoff_in_progress]]>
              </value>
            </param>
            <param index="2">
              <value>
                <![CDATA[Card]]>
              </value>
            </param>
            <param index="3">
              <value>
                <![CDATA[409.0]]>
              </value>
            </param>
            <param index="4">
              <value>
                <![CDATA[Payment failed,There were some technical issues in processing your payment,Kindly re-attempt the payment after sometime. You may choose to use a different bank account/choose an alternate payment method]]>
              </value>
            </param>
          </params>
          <reporter-output>
          </reporter-output>
        </test-method> <!-- execution -->
        <test-method signature="execution(java.lang.String,java.lang.String,java.lang.String,java.lang.String,java.lang.String)[pri:0, instance:org.testrun.Rzpay_Testng_Run@28261e8e]" started-at="2023-09-13T17:19:39 IST" name="execution" data-provider="getTestData" finished-at="2023-09-13T17:19:46 IST" duration-ms="6337" status="PASS">
          <params>
            <param index="0">
              <value>
                <![CDATA[6]]>
              </value>
            </param>
            <param index="1">
              <value>
                <![CDATA[bank_not_available]]>
              </value>
            </param>
            <param index="2">
              <value>
                <![CDATA[Card]]>
              </value>
            </param>
            <param index="3">
              <value>
                <![CDATA[410.0]]>
              </value>
            </param>
            <param index="4">
              <value>
                <![CDATA[Payment failed,There were some technical issues in processing your payment,Kindly re-attempt the payment after sometime. Any amount deducted will be refunded within 5-7 working days.]]>
              </value>
            </param>
          </params>
          <reporter-output>
          </reporter-output>
        </test-method> <!-- execution -->
        <test-method signature="execution(java.lang.String,java.lang.String,java.lang.String,java.lang.String,java.lang.String)[pri:0, instance:org.testrun.Rzpay_Testng_Run@28261e8e]" started-at="2023-09-13T17:19:46 IST" name="execution" data-provider="getTestData" finished-at="2023-09-13T17:19:52 IST" duration-ms="6188" status="PASS">
          <params>
            <param index="0">
              <value>
                <![CDATA[7]]>
              </value>
            </param>
            <param index="1">
              <value>
                <![CDATA[bank_not_enabled]]>
              </value>
            </param>
            <param index="2">
              <value>
                <![CDATA[Card]]>
              </value>
            </param>
            <param index="3">
              <value>
                <![CDATA[411.0]]>
              </value>
            </param>
            <param index="4">
              <value>
                <![CDATA[Payment failed,Your payment could not processed as your card is disabled for online payments,Kindly enable your card for online payments and re-attempt payment or use a different bank account/choose an alternate payment method ]]>
              </value>
            </param>
          </params>
          <reporter-output>
          </reporter-output>
        </test-method> <!-- execution -->
        <test-method signature="execution(java.lang.String,java.lang.String,java.lang.String,java.lang.String,java.lang.String)[pri:0, instance:org.testrun.Rzpay_Testng_Run@28261e8e]" started-at="2023-09-13T17:19:52 IST" name="execution" data-provider="getTestData" finished-at="2023-09-13T17:19:58 IST" duration-ms="5785" status="PASS">
          <params>
            <param index="0">
              <value>
                <![CDATA[8]]>
              </value>
            </param>
            <param index="1">
              <value>
                <![CDATA[bank_technical_error]]>
              </value>
            </param>
            <param index="2">
              <value>
                <![CDATA[Card]]>
              </value>
            </param>
            <param index="3">
              <value>
                <![CDATA[412.0]]>
              </value>
            </param>
            <param index="4">
              <value>
                <![CDATA[Payment failed,There were some technical issues in processing your payment,Kindly re-attempt payment after sometime. Any amount deducted will be refunded within 5-7 working days.]]>
              </value>
            </param>
          </params>
          <reporter-output>
          </reporter-output>
        </test-method> <!-- execution -->
        <test-method signature="execution(java.lang.String,java.lang.String,java.lang.String,java.lang.String,java.lang.String)[pri:0, instance:org.testrun.Rzpay_Testng_Run@28261e8e]" started-at="2023-09-13T17:19:58 IST" name="execution" data-provider="getTestData" finished-at="2023-09-13T17:20:03 IST" duration-ms="5898" status="PASS">
          <params>
            <param index="0">
              <value>
                <![CDATA[9]]>
              </value>
            </param>
            <param index="1">
              <value>
                <![CDATA[beneficiary_account_does_not_exist]]>
              </value>
            </param>
            <param index="2">
              <value>
                <![CDATA[Card]]>
              </value>
            </param>
            <param index="3">
              <value>
                <![CDATA[413.0]]>
              </value>
            </param>
            <param index="4">
              <value>
                <![CDATA[Payment failed,There were some issues in processing your payment,Kindly re-attempt the payment after sometime]]>
              </value>
            </param>
          </params>
          <reporter-output>
          </reporter-output>
        </test-method> <!-- execution -->
        <test-method signature="execution(java.lang.String,java.lang.String,java.lang.String,java.lang.String,java.lang.String)[pri:0, instance:org.testrun.Rzpay_Testng_Run@28261e8e]" started-at="2023-09-13T17:20:03 IST" name="execution" data-provider="getTestData" finished-at="2023-09-13T17:20:10 IST" duration-ms="6314" status="PASS">
          <params>
            <param index="0">
              <value>
                <![CDATA[10]]>
              </value>
            </param>
            <param index="1">
              <value>
                <![CDATA[beneficiary_account_dormant]]>
              </value>
            </param>
            <param index="2">
              <value>
                <![CDATA[Card]]>
              </value>
            </param>
            <param index="3">
              <value>
                <![CDATA[414.0]]>
              </value>
            </param>
            <param index="4">
              <value>
                <![CDATA[Payment failed,There were some issues in processing your payment,Kindly re-attempt the payment after sometime]]>
              </value>
            </param>
          </params>
          <reporter-output>
          </reporter-output>
        </test-method> <!-- execution -->
        <test-method signature="execution(java.lang.String,java.lang.String,java.lang.String,java.lang.String,java.lang.String)[pri:0, instance:org.testrun.Rzpay_Testng_Run@28261e8e]" started-at="2023-09-13T17:20:10 IST" name="execution" data-provider="getTestData" finished-at="2023-09-13T17:20:16 IST" duration-ms="6588" status="PASS">
          <params>
            <param index="0">
              <value>
                <![CDATA[11]]>
              </value>
            </param>
            <param index="1">
              <value>
                <![CDATA[capture_failed]]>
              </value>
            </param>
            <param index="2">
              <value>
                <![CDATA[Card]]>
              </value>
            </param>
            <param index="3">
              <value>
                <![CDATA[415.0]]>
              </value>
            </param>
            <param index="4">
              <value>
                <![CDATA[Payment failed,There were some technical issues in processing your payment,Kindly re-attempt the payment after sometime. You may also re-attempt payment using a different bank account or choose an alternate payment method. ]]>
              </value>
            </param>
          </params>
          <reporter-output>
          </reporter-output>
        </test-method> <!-- execution -->
        <test-method signature="execution(java.lang.String,java.lang.String,java.lang.String,java.lang.String,java.lang.String)[pri:0, instance:org.testrun.Rzpay_Testng_Run@28261e8e]" started-at="2023-09-13T17:20:16 IST" name="execution" data-provider="getTestData" finished-at="2023-09-13T17:20:22 IST" duration-ms="5924" status="PASS">
          <params>
            <param index="0">
              <value>
                <![CDATA[12]]>
              </value>
            </param>
            <param index="1">
              <value>
                <![CDATA[card_declined]]>
              </value>
            </param>
            <param index="2">
              <value>
                <![CDATA[Card]]>
              </value>
            </param>
            <param index="3">
              <value>
                <![CDATA[416.0]]>
              </value>
            </param>
            <param index="4">
              <value>
                <![CDATA[Payment declined,Your payment was declined by the bank,Kindly re-attempt payment using a different bank account or choose an alternate payment method.  For payment related issues, kindly contact your bank]]>
              </value>
            </param>
          </params>
          <reporter-output>
          </reporter-output>
        </test-method> <!-- execution -->
        <test-method signature="execution(java.lang.String,java.lang.String,java.lang.String,java.lang.String,java.lang.String)[pri:0, instance:org.testrun.Rzpay_Testng_Run@28261e8e]" started-at="2023-09-13T17:20:22 IST" name="execution" data-provider="getTestData" finished-at="2023-09-13T17:20:28 IST" duration-ms="5794" status="PASS">
          <params>
            <param index="0">
              <value>
                <![CDATA[13]]>
              </value>
            </param>
            <param index="1">
              <value>
                <![CDATA[card_expired]]>
              </value>
            </param>
            <param index="2">
              <value>
                <![CDATA[Card]]>
              </value>
            </param>
            <param index="3">
              <value>
                <![CDATA[417.0]]>
              </value>
            </param>
            <param index="4">
              <value>
                <![CDATA[Payment failed,Your payment could not processed as your card is expired,Kindly re-attempt payment using a different bank account or choose an alternate payment method]]>
              </value>
            </param>
          </params>
          <reporter-output>
          </reporter-output>
        </test-method> <!-- execution -->
        <test-method signature="execution(java.lang.String,java.lang.String,java.lang.String,java.lang.String,java.lang.String)[pri:0, instance:org.testrun.Rzpay_Testng_Run@28261e8e]" started-at="2023-09-13T17:20:28 IST" name="execution" data-provider="getTestData" finished-at="2023-09-13T17:20:34 IST" duration-ms="6306" status="PASS">
          <params>
            <param index="0">
              <value>
                <![CDATA[14]]>
              </value>
            </param>
            <param index="1">
              <value>
                <![CDATA[card_network_not_enabled]]>
              </value>
            </param>
            <param index="2">
              <value>
                <![CDATA[Card]]>
              </value>
            </param>
            <param index="3">
              <value>
                <![CDATA[418.0]]>
              </value>
            </param>
            <param index="4">
              <value>
                <![CDATA[Payment failed,Your payment could not processed as this card is not accepted at this merchant place,Kindly re-attempt payment using a different bank account or choose an alternate payment method]]>
              </value>
            </param>
          </params>
          <reporter-output>
          </reporter-output>
        </test-method> <!-- execution -->
        <test-method signature="execution(java.lang.String,java.lang.String,java.lang.String,java.lang.String,java.lang.String)[pri:0, instance:org.testrun.Rzpay_Testng_Run@28261e8e]" started-at="2023-09-13T17:20:34 IST" name="execution" data-provider="getTestData" finished-at="2023-09-13T17:20:40 IST" duration-ms="5942" status="PASS">
          <params>
            <param index="0">
              <value>
                <![CDATA[15]]>
              </value>
            </param>
            <param index="1">
              <value>
                <![CDATA[card_not_enrolled]]>
              </value>
            </param>
            <param index="2">
              <value>
                <![CDATA[Card]]>
              </value>
            </param>
            <param index="3">
              <value>
                <![CDATA[419.0]]>
              </value>
            </param>
            <param index="4">
              <value>
                <![CDATA[Payment failed,Your payment could not processed as your card is disabled for online payments,Kindly enable your card for online payments and re-attempt payment or use a different bank account/choose an alternate payment method ]]>
              </value>
            </param>
          </params>
          <reporter-output>
          </reporter-output>
        </test-method> <!-- execution -->
        <test-method signature="execution(java.lang.String,java.lang.String,java.lang.String,java.lang.String,java.lang.String)[pri:0, instance:org.testrun.Rzpay_Testng_Run@28261e8e]" started-at="2023-09-13T17:20:40 IST" name="execution" data-provider="getTestData" finished-at="2023-09-13T17:20:46 IST" duration-ms="6057" status="PASS">
          <params>
            <param index="0">
              <value>
                <![CDATA[16]]>
              </value>
            </param>
            <param index="1">
              <value>
                <![CDATA[card_number_invalid]]>
              </value>
            </param>
            <param index="2">
              <value>
                <![CDATA[Card]]>
              </value>
            </param>
            <param index="3">
              <value>
                <![CDATA[420.0]]>
              </value>
            </param>
            <param index="4">
              <value>
                <![CDATA[Payment failed,Your payment could not be completed as you have entered an incorrect card details,Kindly enter correct card details and re-attempt payment. You may also use a different card or choose an alternate payment method]]>
              </value>
            </param>
          </params>
          <reporter-output>
          </reporter-output>
        </test-method> <!-- execution -->
        <test-method signature="execution(java.lang.String,java.lang.String,java.lang.String,java.lang.String,java.lang.String)[pri:0, instance:org.testrun.Rzpay_Testng_Run@28261e8e]" started-at="2023-09-13T17:20:46 IST" name="execution" data-provider="getTestData" finished-at="2023-09-13T17:20:52 IST" duration-ms="5917" status="PASS">
          <params>
            <param index="0">
              <value>
                <![CDATA[17]]>
              </value>
            </param>
            <param index="1">
              <value>
                <![CDATA[card_type_invalid]]>
              </value>
            </param>
            <param index="2">
              <value>
                <![CDATA[Card]]>
              </value>
            </param>
            <param index="3">
              <value>
                <![CDATA[421.0]]>
              </value>
            </param>
            <param index="4">
              <value>
                <![CDATA[Payment failed,Your payment could not processed as this card is not accepted at this merchant place,Kindly re-attempt payment using a different bank account or choose an alternate payment method]]>
              </value>
            </param>
          </params>
          <reporter-output>
          </reporter-output>
        </test-method> <!-- execution -->
        <test-method signature="execution(java.lang.String,java.lang.String,java.lang.String,java.lang.String,java.lang.String)[pri:0, instance:org.testrun.Rzpay_Testng_Run@28261e8e]" started-at="2023-09-13T17:20:52 IST" name="execution" data-provider="getTestData" finished-at="2023-09-13T17:20:58 IST" duration-ms="5703" status="PASS">
          <params>
            <param index="0">
              <value>
                <![CDATA[18]]>
              </value>
            </param>
            <param index="1">
              <value>
                <![CDATA[collect_on_mcc_blocked]]>
              </value>
            </param>
            <param index="2">
              <value>
                <![CDATA[Card]]>
              </value>
            </param>
            <param index="3">
              <value>
                <![CDATA[423.0]]>
              </value>
            </param>
            <param index="4">
              <value>
                <![CDATA[Payment failed,Your payment could not processed as your card is blocked,Kindly re-attempt payment or use a different bank account/choose an alternate payment method. For more details, kindly contact your bank]]>
              </value>
            </param>
          </params>
          <reporter-output>
          </reporter-output>
        </test-method> <!-- execution -->
        <test-method signature="execution(java.lang.String,java.lang.String,java.lang.String,java.lang.String,java.lang.String)[pri:0, instance:org.testrun.Rzpay_Testng_Run@28261e8e]" started-at="2023-09-13T17:20:58 IST" name="execution" data-provider="getTestData" finished-at="2023-09-13T17:21:04 IST" duration-ms="5975" status="PASS">
          <params>
            <param index="0">
              <value>
                <![CDATA[19]]>
              </value>
            </param>
            <param index="1">
              <value>
                <![CDATA[collect_request_pending]]>
              </value>
            </param>
            <param index="2">
              <value>
                <![CDATA[Card]]>
              </value>
            </param>
            <param index="3">
              <value>
                <![CDATA[424.0]]>
              </value>
            </param>
            <param index="4">
              <value>
                <![CDATA[Payment failed,There were some issues in processing your payment,Kindly re-attempt the payment after sometime]]>
              </value>
            </param>
          </params>
          <reporter-output>
          </reporter-output>
        </test-method> <!-- execution -->
        <test-method signature="execution(java.lang.String,java.lang.String,java.lang.String,java.lang.String,java.lang.String)[pri:0, instance:org.testrun.Rzpay_Testng_Run@28261e8e]" started-at="2023-09-13T17:21:04 IST" name="execution" data-provider="getTestData" finished-at="2023-09-13T17:21:10 IST" duration-ms="6406" status="PASS">
          <params>
            <param index="0">
              <value>
                <![CDATA[20]]>
              </value>
            </param>
            <param index="1">
              <value>
                <![CDATA[compliance_violation]]>
              </value>
            </param>
            <param index="2">
              <value>
                <![CDATA[Card]]>
              </value>
            </param>
            <param index="3">
              <value>
                <![CDATA[425.0]]>
              </value>
            </param>
            <param index="4">
              <value>
                <![CDATA[Payment failed,There were some issues in processing your payment,Kindly re-attempt the payment after sometime]]>
              </value>
            </param>
          </params>
          <reporter-output>
          </reporter-output>
        </test-method> <!-- execution -->
        <test-method signature="execution(java.lang.String,java.lang.String,java.lang.String,java.lang.String,java.lang.String)[pri:0, instance:org.testrun.Rzpay_Testng_Run@28261e8e]" started-at="2023-09-13T17:21:10 IST" name="execution" data-provider="getTestData" finished-at="2023-09-13T17:21:16 IST" duration-ms="5763" status="PASS">
          <params>
            <param index="0">
              <value>
                <![CDATA[21]]>
              </value>
            </param>
            <param index="1">
              <value>
                <![CDATA[debit_declined]]>
              </value>
            </param>
            <param index="2">
              <value>
                <![CDATA[Card]]>
              </value>
            </param>
            <param index="3">
              <value>
                <![CDATA[426.0]]>
              </value>
            </param>
            <param index="4">
              <value>
                <![CDATA[Payment declined,Your payment was declined by the bank,Kindly re-attempt payment using a different bank account or choose an alternate payment method.  For more details, kindly contact your bank]]>
              </value>
            </param>
          </params>
          <reporter-output>
          </reporter-output>
        </test-method> <!-- execution -->
        <test-method signature="execution(java.lang.String,java.lang.String,java.lang.String,java.lang.String,java.lang.String)[pri:0, instance:org.testrun.Rzpay_Testng_Run@28261e8e]" started-at="2023-09-13T17:21:16 IST" name="execution" data-provider="getTestData" finished-at="2023-09-13T17:21:22 IST" duration-ms="6042" status="PASS">
          <params>
            <param index="0">
              <value>
                <![CDATA[22]]>
              </value>
            </param>
            <param index="1">
              <value>
                <![CDATA[deemed_transaction]]>
              </value>
            </param>
            <param index="2">
              <value>
                <![CDATA[Card]]>
              </value>
            </param>
            <param index="3">
              <value>
                <![CDATA[427.0]]>
              </value>
            </param>
            <param index="4">
              <value>
                <![CDATA[Payment failed,There were some issues in processing your payment,Kindly re-attempt the payment after sometime]]>
              </value>
            </param>
          </params>
          <reporter-output>
          </reporter-output>
        </test-method> <!-- execution -->
        <test-method signature="execution(java.lang.String,java.lang.String,java.lang.String,java.lang.String,java.lang.String)[pri:0, instance:org.testrun.Rzpay_Testng_Run@28261e8e]" started-at="2023-09-13T17:21:22 IST" name="execution" data-provider="getTestData" finished-at="2023-09-13T17:21:28 IST" duration-ms="5937" status="PASS">
          <params>
            <param index="0">
              <value>
                <![CDATA[23]]>
              </value>
            </param>
            <param index="1">
              <value>
                <![CDATA[debit_instrument_blocked]]>
              </value>
            </param>
            <param index="2">
              <value>
                <![CDATA[Card]]>
              </value>
            </param>
            <param index="3">
              <value>
                <![CDATA[428.0]]>
              </value>
            </param>
            <param index="4">
              <value>
                <![CDATA[Payment failed,Your payment could not processed as your card is blocked,Kindly re-attempt payment using a different bank account or choose an alternate payment method. For more details, kindly contact your bank]]>
              </value>
            </param>
          </params>
          <reporter-output>
          </reporter-output>
        </test-method> <!-- execution -->
        <test-method signature="execution(java.lang.String,java.lang.String,java.lang.String,java.lang.String,java.lang.String)[pri:0, instance:org.testrun.Rzpay_Testng_Run@28261e8e]" started-at="2023-09-13T17:21:28 IST" name="execution" data-provider="getTestData" finished-at="2023-09-13T17:21:34 IST" duration-ms="5876" status="PASS">
          <params>
            <param index="0">
              <value>
                <![CDATA[24]]>
              </value>
            </param>
            <param index="1">
              <value>
                <![CDATA[debit_instrument_inactive]]>
              </value>
            </param>
            <param index="2">
              <value>
                <![CDATA[Card]]>
              </value>
            </param>
            <param index="3">
              <value>
                <![CDATA[429.0]]>
              </value>
            </param>
            <param index="4">
              <value>
                <![CDATA[Payment failed,Your payment could not processed as your card is disabled for online payments,Kindly enable your card for online payments and re-attempt payment or use a different bank account/choose an alternate payment method ]]>
              </value>
            </param>
          </params>
          <reporter-output>
          </reporter-output>
        </test-method> <!-- execution -->
        <test-method signature="execution(java.lang.String,java.lang.String,java.lang.String,java.lang.String,java.lang.String)[pri:0, instance:org.testrun.Rzpay_Testng_Run@28261e8e]" started-at="2023-09-13T17:21:34 IST" name="execution" data-provider="getTestData" finished-at="2023-09-13T17:21:41 IST" duration-ms="6607" status="PASS">
          <params>
            <param index="0">
              <value>
                <![CDATA[25]]>
              </value>
            </param>
            <param index="1">
              <value>
                <![CDATA[duplicate_request]]>
              </value>
            </param>
            <param index="2">
              <value>
                <![CDATA[Card]]>
              </value>
            </param>
            <param index="3">
              <value>
                <![CDATA[430.0]]>
              </value>
            </param>
            <param index="4">
              <value>
                <![CDATA[Payment Pending,You payment is under process,Kindly check the payment status after sometime. You will receive a SMS once the payment is processed and is successful]]>
              </value>
            </param>
          </params>
          <reporter-output>
          </reporter-output>
        </test-method> <!-- execution -->
        <test-method signature="execution(java.lang.String,java.lang.String,java.lang.String,java.lang.String,java.lang.String)[pri:0, instance:org.testrun.Rzpay_Testng_Run@28261e8e]" started-at="2023-09-13T17:21:41 IST" name="execution" data-provider="getTestData" finished-at="2023-09-13T17:21:48 IST" duration-ms="7024" status="PASS">
          <params>
            <param index="0">
              <value>
                <![CDATA[26]]>
              </value>
            </param>
            <param index="1">
              <value>
                <![CDATA[duplicate_rrn_found]]>
              </value>
            </param>
            <param index="2">
              <value>
                <![CDATA[Card]]>
              </value>
            </param>
            <param index="3">
              <value>
                <![CDATA[431.0]]>
              </value>
            </param>
            <param index="4">
              <value>
                <![CDATA[Payment failed,There were some issues in processing your payment,Kindly re-attempt the payment after sometime]]>
              </value>
            </param>
          </params>
          <reporter-output>
          </reporter-output>
        </test-method> <!-- execution -->
        <test-method signature="execution(java.lang.String,java.lang.String,java.lang.String,java.lang.String,java.lang.String)[pri:0, instance:org.testrun.Rzpay_Testng_Run@28261e8e]" started-at="2023-09-13T17:21:48 IST" name="execution" data-provider="getTestData" finished-at="2023-09-13T17:21:54 IST" duration-ms="6125" status="PASS">
          <params>
            <param index="0">
              <value>
                <![CDATA[27]]>
              </value>
            </param>
            <param index="1">
              <value>
                <![CDATA[funds_blocked_by_mandate]]>
              </value>
            </param>
            <param index="2">
              <value>
                <![CDATA[Card]]>
              </value>
            </param>
            <param index="3">
              <value>
                <![CDATA[432.0]]>
              </value>
            </param>
            <param index="4">
              <value>
                <![CDATA[Payment failed,There were some issues in processing your payment,Kindly re-attempt the payment after sometime]]>
              </value>
            </param>
          </params>
          <reporter-output>
          </reporter-output>
        </test-method> <!-- execution -->
        <test-method signature="execution(java.lang.String,java.lang.String,java.lang.String,java.lang.String,java.lang.String)[pri:0, instance:org.testrun.Rzpay_Testng_Run@28261e8e]" started-at="2023-09-13T17:21:54 IST" name="execution" data-provider="getTestData" finished-at="2023-09-13T17:22:00 IST" duration-ms="5813" status="PASS">
          <params>
            <param index="0">
              <value>
                <![CDATA[28]]>
              </value>
            </param>
            <param index="1">
              <value>
                <![CDATA[gateway_technical_error]]>
              </value>
            </param>
            <param index="2">
              <value>
                <![CDATA[Card]]>
              </value>
            </param>
            <param index="3">
              <value>
                <![CDATA[433.0]]>
              </value>
            </param>
            <param index="4">
              <value>
                <![CDATA[Payment Processing Failed,There were some technical issues in processing your payment,Kindly re-attempt payment after sometime. You may also use a different bank account or choose an alternate payment method]]>
              </value>
            </param>
          </params>
          <reporter-output>
          </reporter-output>
        </test-method> <!-- execution -->
        <test-method signature="execution(java.lang.String,java.lang.String,java.lang.String,java.lang.String,java.lang.String)[pri:0, instance:org.testrun.Rzpay_Testng_Run@28261e8e]" started-at="2023-09-13T17:22:00 IST" name="execution" data-provider="getTestData" finished-at="2023-09-13T17:22:05 IST" duration-ms="5698" status="PASS">
          <params>
            <param index="0">
              <value>
                <![CDATA[29]]>
              </value>
            </param>
            <param index="1">
              <value>
                <![CDATA[incorrect_atm_pin]]>
              </value>
            </param>
            <param index="2">
              <value>
                <![CDATA[Card]]>
              </value>
            </param>
            <param index="3">
              <value>
                <![CDATA[434.0]]>
              </value>
            </param>
            <param index="4">
              <value>
                <![CDATA[Payment failed,Your payment could not be completed as you have entered an incorrect ATM PIN or verification details,Kindly re-attempt payment using netbanking or UPI]]>
              </value>
            </param>
          </params>
          <reporter-output>
          </reporter-output>
        </test-method> <!-- execution -->
        <test-method signature="execution(java.lang.String,java.lang.String,java.lang.String,java.lang.String,java.lang.String)[pri:0, instance:org.testrun.Rzpay_Testng_Run@28261e8e]" started-at="2023-09-13T17:22:05 IST" name="execution" data-provider="getTestData" finished-at="2023-09-13T17:22:11 IST" duration-ms="5980" status="PASS">
          <params>
            <param index="0">
              <value>
                <![CDATA[30]]>
              </value>
            </param>
            <param index="1">
              <value>
                <![CDATA[incorrect_card_details]]>
              </value>
            </param>
            <param index="2">
              <value>
                <![CDATA[Card]]>
              </value>
            </param>
            <param index="3">
              <value>
                <![CDATA[435.0]]>
              </value>
            </param>
            <param index="4">
              <value>
                <![CDATA[Payment failed,Your payment could not be completed as you have entered an incorrect card details,Kindly enter correct card details and re-attempt payment. You may also use a different card or choose an alternate payment method]]>
              </value>
            </param>
          </params>
          <reporter-output>
          </reporter-output>
        </test-method> <!-- execution -->
        <test-method signature="execution(java.lang.String,java.lang.String,java.lang.String,java.lang.String,java.lang.String)[pri:0, instance:org.testrun.Rzpay_Testng_Run@28261e8e]" started-at="2023-09-13T17:22:11 IST" name="execution" data-provider="getTestData" finished-at="2023-09-13T17:22:17 IST" duration-ms="5856" status="PASS">
          <params>
            <param index="0">
              <value>
                <![CDATA[31]]>
              </value>
            </param>
            <param index="1">
              <value>
                <![CDATA[incorrect_card_expiry_date]]>
              </value>
            </param>
            <param index="2">
              <value>
                <![CDATA[Card]]>
              </value>
            </param>
            <param index="3">
              <value>
                <![CDATA[436.0]]>
              </value>
            </param>
            <param index="4">
              <value>
                <![CDATA[Payment failed,Your payment could not be completed as you have entered an incorrect card details,Kindly enter correct card details and re-attempt payment. You may also use a different card or choose an alternate payment method]]>
              </value>
            </param>
          </params>
          <reporter-output>
          </reporter-output>
        </test-method> <!-- execution -->
        <test-method signature="execution(java.lang.String,java.lang.String,java.lang.String,java.lang.String,java.lang.String)[pri:0, instance:org.testrun.Rzpay_Testng_Run@28261e8e]" started-at="2023-09-13T17:22:17 IST" name="execution" data-provider="getTestData" finished-at="2023-09-13T17:22:23 IST" duration-ms="5867" status="PASS">
          <params>
            <param index="0">
              <value>
                <![CDATA[32]]>
              </value>
            </param>
            <param index="1">
              <value>
                <![CDATA[incorrect_cardholder_name]]>
              </value>
            </param>
            <param index="2">
              <value>
                <![CDATA[Card]]>
              </value>
            </param>
            <param index="3">
              <value>
                <![CDATA[437.0]]>
              </value>
            </param>
            <param index="4">
              <value>
                <![CDATA[Payment failed,Your payment could not be completed as you have entered an incorrect card details,Kindly enter correct card details and re-attempt payment. You may also use a different card or choose an alternate payment method]]>
              </value>
            </param>
          </params>
          <reporter-output>
          </reporter-output>
        </test-method> <!-- execution -->
        <test-method signature="execution(java.lang.String,java.lang.String,java.lang.String,java.lang.String,java.lang.String)[pri:0, instance:org.testrun.Rzpay_Testng_Run@28261e8e]" started-at="2023-09-13T17:22:23 IST" name="execution" data-provider="getTestData" finished-at="2023-09-13T17:22:29 IST" duration-ms="5778" status="PASS">
          <params>
            <param index="0">
              <value>
                <![CDATA[33]]>
              </value>
            </param>
            <param index="1">
              <value>
                <![CDATA[incorrect_cvv]]>
              </value>
            </param>
            <param index="2">
              <value>
                <![CDATA[Card]]>
              </value>
            </param>
            <param index="3">
              <value>
                <![CDATA[438.0]]>
              </value>
            </param>
            <param index="4">
              <value>
                <![CDATA[Payment failed,Your payment could not be completed as you have entered an incorrect CVV,Kindly enter correct CVV and re-attempt payment. You may also use a different card or choose an alternate payment method]]>
              </value>
            </param>
          </params>
          <reporter-output>
          </reporter-output>
        </test-method> <!-- execution -->
        <test-method signature="execution(java.lang.String,java.lang.String,java.lang.String,java.lang.String,java.lang.String)[pri:0, instance:org.testrun.Rzpay_Testng_Run@28261e8e]" started-at="2023-09-13T17:22:29 IST" name="execution" data-provider="getTestData" finished-at="2023-09-13T17:22:35 IST" duration-ms="6103" status="PASS">
          <params>
            <param index="0">
              <value>
                <![CDATA[34]]>
              </value>
            </param>
            <param index="1">
              <value>
                <![CDATA[incorrect_otp]]>
              </value>
            </param>
            <param index="2">
              <value>
                <![CDATA[Card]]>
              </value>
            </param>
            <param index="3">
              <value>
                <![CDATA[439.0]]>
              </value>
            </param>
            <param index="4">
              <value>
                <![CDATA[Payment failed,Your payment could not be completed as you have entered an incorrect OTP,Kindly enter a valid OTP and re-attempt payment. You may also use a different card or choose an alternate payment method]]>
              </value>
            </param>
          </params>
          <reporter-output>
          </reporter-output>
        </test-method> <!-- execution -->
        <test-method signature="execution(java.lang.String,java.lang.String,java.lang.String,java.lang.String,java.lang.String)[pri:0, instance:org.testrun.Rzpay_Testng_Run@28261e8e]" started-at="2023-09-13T17:22:35 IST" name="execution" data-provider="getTestData" finished-at="2023-09-13T17:22:41 IST" duration-ms="5722" status="PASS">
          <params>
            <param index="0">
              <value>
                <![CDATA[35]]>
              </value>
            </param>
            <param index="1">
              <value>
                <![CDATA[incorrect_pin]]>
              </value>
            </param>
            <param index="2">
              <value>
                <![CDATA[Card]]>
              </value>
            </param>
            <param index="3">
              <value>
                <![CDATA[440.0]]>
              </value>
            </param>
            <param index="4">
              <value>
                <![CDATA[Payment failed,Your payment could not be completed as you have entered an incorrect PIN,Kindly enter correct PIN and re-attempt payment. ]]>
              </value>
            </param>
          </params>
          <reporter-output>
          </reporter-output>
        </test-method> <!-- execution -->
        <test-method signature="execution(java.lang.String,java.lang.String,java.lang.String,java.lang.String,java.lang.String)[pri:0, instance:org.testrun.Rzpay_Testng_Run@28261e8e]" started-at="2023-09-13T17:22:41 IST" name="execution" data-provider="getTestData" finished-at="2023-09-13T17:22:47 IST" duration-ms="5833" status="PASS">
          <params>
            <param index="0">
              <value>
                <![CDATA[36]]>
              </value>
            </param>
            <param index="1">
              <value>
                <![CDATA[input_validation_failed]]>
              </value>
            </param>
            <param index="2">
              <value>
                <![CDATA[Card]]>
              </value>
            </param>
            <param index="3">
              <value>
                <![CDATA[441.0]]>
              </value>
            </param>
            <param index="4">
              <value>
                <![CDATA[Payment failed,Your payment could not be completed due to invalid card details,Kindly re-attempt payment using a different bank account or choose an alternate payment method.  For more details, kindly contact your bank]]>
              </value>
            </param>
          </params>
          <reporter-output>
          </reporter-output>
        </test-method> <!-- execution -->
        <test-method signature="execution(java.lang.String,java.lang.String,java.lang.String,java.lang.String,java.lang.String)[pri:0, instance:org.testrun.Rzpay_Testng_Run@28261e8e]" started-at="2023-09-13T17:22:47 IST" name="execution" data-provider="getTestData" finished-at="2023-09-13T17:22:52 IST" duration-ms="5718" status="PASS">
          <params>
            <param index="0">
              <value>
                <![CDATA[37]]>
              </value>
            </param>
            <param index="1">
              <value>
                <![CDATA[insufficient_funds]]>
              </value>
            </param>
            <param index="2">
              <value>
                <![CDATA[Card]]>
              </value>
            </param>
            <param index="3">
              <value>
                <![CDATA[442.0]]>
              </value>
            </param>
            <param index="4">
              <value>
                <![CDATA[Payment failed,Your account has insufficient funds for this transaction,Kindly re-attempt payment using a different card/bank account or choose an alternate payment method. ]]>
              </value>
            </param>
          </params>
          <reporter-output>
          </reporter-output>
        </test-method> <!-- execution -->
        <test-method signature="execution(java.lang.String,java.lang.String,java.lang.String,java.lang.String,java.lang.String)[pri:0, instance:org.testrun.Rzpay_Testng_Run@28261e8e]" started-at="2023-09-13T17:22:52 IST" name="execution" data-provider="getTestData" finished-at="2023-09-13T17:22:58 IST" duration-ms="5921" status="PASS">
          <params>
            <param index="0">
              <value>
                <![CDATA[38]]>
              </value>
            </param>
            <param index="1">
              <value>
                <![CDATA[invalid_device]]>
              </value>
            </param>
            <param index="2">
              <value>
                <![CDATA[Card]]>
              </value>
            </param>
            <param index="3">
              <value>
                <![CDATA[443.0]]>
              </value>
            </param>
            <param index="4">
              <value>
                <![CDATA[Payment failed,There were some issues in processing your payment,Kindly re-attempt the payment after sometime]]>
              </value>
            </param>
          </params>
          <reporter-output>
          </reporter-output>
        </test-method> <!-- execution -->
        <test-method signature="execution(java.lang.String,java.lang.String,java.lang.String,java.lang.String,java.lang.String)[pri:0, instance:org.testrun.Rzpay_Testng_Run@28261e8e]" started-at="2023-09-13T17:22:58 IST" name="execution" data-provider="getTestData" finished-at="2023-09-13T17:23:04 IST" duration-ms="5534" status="PASS">
          <params>
            <param index="0">
              <value>
                <![CDATA[39]]>
              </value>
            </param>
            <param index="1">
              <value>
                <![CDATA[invalid_order_id]]>
              </value>
            </param>
            <param index="2">
              <value>
                <![CDATA[Card]]>
              </value>
            </param>
            <param index="3">
              <value>
                <![CDATA[444.0]]>
              </value>
            </param>
            <param index="4">
              <value>
                <![CDATA[Payment failed,There were some issues in processing your payment,Kindly re-attempt the payment after sometime]]>
              </value>
            </param>
          </params>
          <reporter-output>
          </reporter-output>
        </test-method> <!-- execution -->
        <test-method signature="execution(java.lang.String,java.lang.String,java.lang.String,java.lang.String,java.lang.String)[pri:0, instance:org.testrun.Rzpay_Testng_Run@28261e8e]" started-at="2023-09-13T17:23:04 IST" name="execution" data-provider="getTestData" finished-at="2023-09-13T17:23:10 IST" duration-ms="5804" status="PASS">
          <params>
            <param index="0">
              <value>
                <![CDATA[40]]>
              </value>
            </param>
            <param index="1">
              <value>
                <![CDATA[invalid_response_from_gateway]]>
              </value>
            </param>
            <param index="2">
              <value>
                <![CDATA[Card]]>
              </value>
            </param>
            <param index="3">
              <value>
                <![CDATA[445.0]]>
              </value>
            </param>
            <param index="4">
              <value>
                <![CDATA[Payment failed,Your payment could not be completed due to incorrect ATM PIN,Kindly enter correct ATM PIN and re-attempt payment. You may choose an alternate payment method.  For more details, kindly contact your bank]]>
              </value>
            </param>
          </params>
          <reporter-output>
          </reporter-output>
        </test-method> <!-- execution -->
        <test-method signature="execution(java.lang.String,java.lang.String,java.lang.String,java.lang.String,java.lang.String)[pri:0, instance:org.testrun.Rzpay_Testng_Run@28261e8e]" started-at="2023-09-13T17:23:10 IST" name="execution" data-provider="getTestData" finished-at="2023-09-13T17:23:16 IST" duration-ms="6528" status="PASS">
          <params>
            <param index="0">
              <value>
                <![CDATA[41]]>
              </value>
            </param>
            <param index="1">
              <value>
                <![CDATA[invalid_request]]>
              </value>
            </param>
            <param index="2">
              <value>
                <![CDATA[Card]]>
              </value>
            </param>
            <param index="3">
              <value>
                <![CDATA[446.0]]>
              </value>
            </param>
            <param index="4">
              <value>
                <![CDATA[Payment failed,There were some issues in processing your payment,Kindly re-attempt the payment after sometime]]>
              </value>
            </param>
          </params>
          <reporter-output>
          </reporter-output>
        </test-method> <!-- execution -->
        <test-method signature="execution(java.lang.String,java.lang.String,java.lang.String,java.lang.String,java.lang.String)[pri:0, instance:org.testrun.Rzpay_Testng_Run@28261e8e]" started-at="2023-09-13T17:23:16 IST" name="execution" data-provider="getTestData" finished-at="2023-09-13T17:23:22 IST" duration-ms="5884" status="PASS">
          <params>
            <param index="0">
              <value>
                <![CDATA[42]]>
              </value>
            </param>
            <param index="1">
              <value>
                <![CDATA[invalid_user_details]]>
              </value>
            </param>
            <param index="2">
              <value>
                <![CDATA[Card]]>
              </value>
            </param>
            <param index="3">
              <value>
                <![CDATA[447.0]]>
              </value>
            </param>
            <param index="4">
              <value>
                <![CDATA[Payment failed,Your payment could not be completed due to incorrect card number,Kindly enter correct card number and re-attempt payment. You may also choose an alternate payment method.  ]]>
              </value>
            </param>
          </params>
          <reporter-output>
          </reporter-output>
        </test-method> <!-- execution -->
        <test-method signature="execution(java.lang.String,java.lang.String,java.lang.String,java.lang.String,java.lang.String)[pri:0, instance:org.testrun.Rzpay_Testng_Run@28261e8e]" started-at="2023-09-13T17:23:22 IST" name="execution" data-provider="getTestData" finished-at="2023-09-13T17:23:28 IST" duration-ms="5840" status="PASS">
          <params>
            <param index="0">
              <value>
                <![CDATA[43]]>
              </value>
            </param>
            <param index="1">
              <value>
                <![CDATA[invalid_vpa]]>
              </value>
            </param>
            <param index="2">
              <value>
                <![CDATA[Card]]>
              </value>
            </param>
            <param index="3">
              <value>
                <![CDATA[448.0]]>
              </value>
            </param>
            <param index="4">
              <value>
                <![CDATA[Payment failed,There were some issues in processing your payment,Kindly re-attempt the payment after sometime]]>
              </value>
            </param>
          </params>
          <reporter-output>
          </reporter-output>
        </test-method> <!-- execution -->
        <test-method signature="execution(java.lang.String,java.lang.String,java.lang.String,java.lang.String,java.lang.String)[pri:0, instance:org.testrun.Rzpay_Testng_Run@28261e8e]" started-at="2023-09-13T17:23:28 IST" name="execution" data-provider="getTestData" finished-at="2023-09-13T17:23:34 IST" duration-ms="5836" status="PASS">
          <params>
            <param index="0">
              <value>
                <![CDATA[44]]>
              </value>
            </param>
            <param index="1">
              <value>
                <![CDATA[issuer_technical_error]]>
              </value>
            </param>
            <param index="2">
              <value>
                <![CDATA[Card]]>
              </value>
            </param>
            <param index="3">
              <value>
                <![CDATA[449.0]]>
              </value>
            </param>
            <param index="4">
              <value>
                <![CDATA[Payment failed,There were some issues in processing your payment,Kindly re-attempt the payment after sometime]]>
              </value>
            </param>
          </params>
          <reporter-output>
          </reporter-output>
        </test-method> <!-- execution -->
        <test-method signature="execution(java.lang.String,java.lang.String,java.lang.String,java.lang.String,java.lang.String)[pri:0, instance:org.testrun.Rzpay_Testng_Run@28261e8e]" started-at="2023-09-13T17:23:34 IST" name="execution" data-provider="getTestData" finished-at="2023-09-13T17:23:40 IST" duration-ms="6411" status="PASS">
          <params>
            <param index="0">
              <value>
                <![CDATA[45]]>
              </value>
            </param>
            <param index="1">
              <value>
                <![CDATA[issuer_technical_error]]>
              </value>
            </param>
            <param index="2">
              <value>
                <![CDATA[Card]]>
              </value>
            </param>
            <param index="3">
              <value>
                <![CDATA[450.0]]>
              </value>
            </param>
            <param index="4">
              <value>
                <![CDATA[Payment failed,There were some issues in processing your payment,Kindly re-attempt the payment after sometime]]>
              </value>
            </param>
          </params>
          <reporter-output>
          </reporter-output>
        </test-method> <!-- execution -->
        <test-method signature="execution(java.lang.String,java.lang.String,java.lang.String,java.lang.String,java.lang.String)[pri:0, instance:org.testrun.Rzpay_Testng_Run@28261e8e]" started-at="2023-09-13T17:23:40 IST" name="execution" data-provider="getTestData" finished-at="2023-09-13T17:23:47 IST" duration-ms="6610" status="PASS">
          <params>
            <param index="0">
              <value>
                <![CDATA[46]]>
              </value>
            </param>
            <param index="1">
              <value>
                <![CDATA[mcc_amount_limit_exceeded]]>
              </value>
            </param>
            <param index="2">
              <value>
                <![CDATA[Card]]>
              </value>
            </param>
            <param index="3">
              <value>
                <![CDATA[451.0]]>
              </value>
            </param>
            <param index="4">
              <value>
                <![CDATA[Payment failed,There were some issues in processing your payment,Kindly re-attempt the payment after sometime]]>
              </value>
            </param>
          </params>
          <reporter-output>
          </reporter-output>
        </test-method> <!-- execution -->
        <test-method signature="execution(java.lang.String,java.lang.String,java.lang.String,java.lang.String,java.lang.String)[pri:0, instance:org.testrun.Rzpay_Testng_Run@28261e8e]" started-at="2023-09-13T17:23:47 IST" name="execution" data-provider="getTestData" finished-at="2023-09-13T17:23:53 IST" duration-ms="5874" status="PASS">
          <params>
            <param index="0">
              <value>
                <![CDATA[47]]>
              </value>
            </param>
            <param index="1">
              <value>
                <![CDATA[mismatch_in_transaction_details]]>
              </value>
            </param>
            <param index="2">
              <value>
                <![CDATA[Card]]>
              </value>
            </param>
            <param index="3">
              <value>
                <![CDATA[452.0]]>
              </value>
            </param>
            <param index="4">
              <value>
                <![CDATA[Payment failed,There were some issues in processing your payment,Kindly re-attempt the payment after sometime]]>
              </value>
            </param>
          </params>
          <reporter-output>
          </reporter-output>
        </test-method> <!-- execution -->
        <test-method signature="execution(java.lang.String,java.lang.String,java.lang.String,java.lang.String,java.lang.String)[pri:0, instance:org.testrun.Rzpay_Testng_Run@28261e8e]" started-at="2023-09-13T17:23:53 IST" name="execution" data-provider="getTestData" finished-at="2023-09-13T17:23:59 IST" duration-ms="5974" status="PASS">
          <params>
            <param index="0">
              <value>
                <![CDATA[48]]>
              </value>
            </param>
            <param index="1">
              <value>
                <![CDATA[order_already_paid]]>
              </value>
            </param>
            <param index="2">
              <value>
                <![CDATA[Card]]>
              </value>
            </param>
            <param index="3">
              <value>
                <![CDATA[453.0]]>
              </value>
            </param>
            <param index="4">
              <value>
                <![CDATA[Payment failed,There were some issues in processing your payment,Kindly re-attempt the payment after sometime]]>
              </value>
            </param>
          </params>
          <reporter-output>
          </reporter-output>
        </test-method> <!-- execution -->
        <test-method signature="execution(java.lang.String,java.lang.String,java.lang.String,java.lang.String,java.lang.String)[pri:0, instance:org.testrun.Rzpay_Testng_Run@28261e8e]" started-at="2023-09-13T17:23:59 IST" name="execution" data-provider="getTestData" finished-at="2023-09-13T17:24:04 IST" duration-ms="5774" status="PASS">
          <params>
            <param index="0">
              <value>
                <![CDATA[49]]>
              </value>
            </param>
            <param index="1">
              <value>
                <![CDATA[order_payment_method_mismatch]]>
              </value>
            </param>
            <param index="2">
              <value>
                <![CDATA[Card]]>
              </value>
            </param>
            <param index="3">
              <value>
                <![CDATA[454.0]]>
              </value>
            </param>
            <param index="4">
              <value>
                <![CDATA[Payment failed,There were some issues in processing your payment,Kindly re-attempt the payment after sometime]]>
              </value>
            </param>
          </params>
          <reporter-output>
          </reporter-output>
        </test-method> <!-- execution -->
        <test-method signature="execution(java.lang.String,java.lang.String,java.lang.String,java.lang.String,java.lang.String)[pri:0, instance:org.testrun.Rzpay_Testng_Run@28261e8e]" started-at="2023-09-13T17:24:04 IST" name="execution" data-provider="getTestData" finished-at="2023-09-13T17:24:11 IST" duration-ms="6505" status="PASS">
          <params>
            <param index="0">
              <value>
                <![CDATA[50]]>
              </value>
            </param>
            <param index="1">
              <value>
                <![CDATA[order_amount_mismatch]]>
              </value>
            </param>
            <param index="2">
              <value>
                <![CDATA[Card]]>
              </value>
            </param>
            <param index="3">
              <value>
                <![CDATA[455.0]]>
              </value>
            </param>
            <param index="4">
              <value>
                <![CDATA[Payment failed,There were some issues in processing your payment,Kindly re-attempt the payment after sometime]]>
              </value>
            </param>
          </params>
          <reporter-output>
          </reporter-output>
        </test-method> <!-- execution -->
        <test-method signature="execution(java.lang.String,java.lang.String,java.lang.String,java.lang.String,java.lang.String)[pri:0, instance:org.testrun.Rzpay_Testng_Run@28261e8e]" started-at="2023-09-13T17:24:11 IST" name="execution" data-provider="getTestData" finished-at="2023-09-13T17:24:18 IST" duration-ms="6621" status="PASS">
          <params>
            <param index="0">
              <value>
                <![CDATA[51]]>
              </value>
            </param>
            <param index="1">
              <value>
                <![CDATA[otp_attempts_exceeded]]>
              </value>
            </param>
            <param index="2">
              <value>
                <![CDATA[Card]]>
              </value>
            </param>
            <param index="3">
              <value>
                <![CDATA[456.0]]>
              </value>
            </param>
            <param index="4">
              <value>
                <![CDATA[Payment failed,Your payment could not be completed due to multiple incorrect OTP attempts,Kindly re-attempt payment after sometime or attempt making a payment using a different bank account/choose an alternate payment method ]]>
              </value>
            </param>
          </params>
          <reporter-output>
          </reporter-output>
        </test-method> <!-- execution -->
        <test-method signature="execution(java.lang.String,java.lang.String,java.lang.String,java.lang.String,java.lang.String)[pri:0, instance:org.testrun.Rzpay_Testng_Run@28261e8e]" started-at="2023-09-13T17:24:18 IST" name="execution" data-provider="getTestData" finished-at="2023-09-13T17:24:24 IST" duration-ms="6191" status="PASS">
          <params>
            <param index="0">
              <value>
                <![CDATA[52]]>
              </value>
            </param>
            <param index="1">
              <value>
                <![CDATA[otp_expired]]>
              </value>
            </param>
            <param index="2">
              <value>
                <![CDATA[Card]]>
              </value>
            </param>
            <param index="3">
              <value>
                <![CDATA[457.0]]>
              </value>
            </param>
            <param index="4">
              <value>
                <![CDATA[Payment failed,Your payment processing failed because the OTP is invalid/expired,Kindly click on re-send OTP and re-attempt payment.  ]]>
              </value>
            </param>
          </params>
          <reporter-output>
          </reporter-output>
        </test-method> <!-- execution -->
        <test-method signature="execution(java.lang.String,java.lang.String,java.lang.String,java.lang.String,java.lang.String)[pri:0, instance:org.testrun.Rzpay_Testng_Run@28261e8e]" started-at="2023-09-13T17:24:24 IST" name="execution" data-provider="getTestData" finished-at="2023-09-13T17:24:29 IST" duration-ms="5672" status="PASS">
          <params>
            <param index="0">
              <value>
                <![CDATA[53]]>
              </value>
            </param>
            <param index="1">
              <value>
                <![CDATA[payment_cancelled]]>
              </value>
            </param>
            <param index="2">
              <value>
                <![CDATA[Card]]>
              </value>
            </param>
            <param index="3">
              <value>
                <![CDATA[458.0]]>
              </value>
            </param>
            <param index="4">
              <value>
                <![CDATA[Payment timed out/cancelled,Your payment request got timed out or you have cancelled the payment,Kindly re-attempt payment after sometime]]>
              </value>
            </param>
          </params>
          <reporter-output>
          </reporter-output>
        </test-method> <!-- execution -->
        <test-method signature="execution(java.lang.String,java.lang.String,java.lang.String,java.lang.String,java.lang.String)[pri:0, instance:org.testrun.Rzpay_Testng_Run@28261e8e]" started-at="2023-09-13T17:24:29 IST" name="execution" data-provider="getTestData" finished-at="2023-09-13T17:24:39 IST" duration-ms="9891" status="PASS">
          <params>
            <param index="0">
              <value>
                <![CDATA[54]]>
              </value>
            </param>
            <param index="1">
              <value>
                <![CDATA[payment_collect_request_expired]]>
              </value>
            </param>
            <param index="2">
              <value>
                <![CDATA[Card]]>
              </value>
            </param>
            <param index="3">
              <value>
                <![CDATA[459.0]]>
              </value>
            </param>
            <param index="4">
              <value>
                <![CDATA[Payment failed,There were some issues in processing your payment,Kindly re-attempt the payment after sometime]]>
              </value>
            </param>
          </params>
          <reporter-output>
          </reporter-output>
        </test-method> <!-- execution -->
        <test-method signature="execution(java.lang.String,java.lang.String,java.lang.String,java.lang.String,java.lang.String)[pri:0, instance:org.testrun.Rzpay_Testng_Run@28261e8e]" started-at="2023-09-13T17:24:39 IST" name="execution" data-provider="getTestData" finished-at="2023-09-13T17:24:49 IST" duration-ms="9832" status="PASS">
          <params>
            <param index="0">
              <value>
                <![CDATA[55]]>
              </value>
            </param>
            <param index="1">
              <value>
                <![CDATA[payment_declined]]>
              </value>
            </param>
            <param index="2">
              <value>
                <![CDATA[Card]]>
              </value>
            </param>
            <param index="3">
              <value>
                <![CDATA[460.0]]>
              </value>
            </param>
            <param index="4">
              <value>
                <![CDATA[Payment declined,Your payment was declined by the bank,Kindly re-attempt payment using a different card or choose an alternate payment method.  For payment related issues, kindly contact your bank]]>
              </value>
            </param>
          </params>
          <reporter-output>
          </reporter-output>
        </test-method> <!-- execution -->
        <test-method signature="execution(java.lang.String,java.lang.String,java.lang.String,java.lang.String,java.lang.String)[pri:0, instance:org.testrun.Rzpay_Testng_Run@28261e8e]" started-at="2023-09-13T17:24:49 IST" name="execution" data-provider="getTestData" finished-at="2023-09-13T17:24:55 IST" duration-ms="5866" status="PASS">
          <params>
            <param index="0">
              <value>
                <![CDATA[56]]>
              </value>
            </param>
            <param index="1">
              <value>
                <![CDATA[payment_declined_due_to_high_traffic]]>
              </value>
            </param>
            <param index="2">
              <value>
                <![CDATA[Card]]>
              </value>
            </param>
            <param index="3">
              <value>
                <![CDATA[461.0]]>
              </value>
            </param>
            <param index="4">
              <value>
                <![CDATA[Payment failed,There were some technical issues in processing your payment,Kindly re-attempt payment after sometime or attempt making a payment using a different bank account or choose an alternate payment method ]]>
              </value>
            </param>
          </params>
          <reporter-output>
          </reporter-output>
        </test-method> <!-- execution -->
        <test-method signature="execution(java.lang.String,java.lang.String,java.lang.String,java.lang.String,java.lang.String)[pri:0, instance:org.testrun.Rzpay_Testng_Run@28261e8e]" started-at="2023-09-13T17:24:55 IST" name="execution" data-provider="getTestData" finished-at="2023-09-13T17:25:01 IST" duration-ms="5945" status="PASS">
          <params>
            <param index="0">
              <value>
                <![CDATA[57]]>
              </value>
            </param>
            <param index="1">
              <value>
                <![CDATA[payment_failed]]>
              </value>
            </param>
            <param index="2">
              <value>
                <![CDATA[Card]]>
              </value>
            </param>
            <param index="3">
              <value>
                <![CDATA[462.0]]>
              </value>
            </param>
            <param index="4">
              <value>
                <![CDATA[Payment failed,There were some technical issues in processing your payment,Kindly re-attempt payment after sometime or attempt making a payment using a different bank account or choose an alternate payment method ]]>
              </value>
            </param>
          </params>
          <reporter-output>
          </reporter-output>
        </test-method> <!-- execution -->
        <test-method signature="execution(java.lang.String,java.lang.String,java.lang.String,java.lang.String,java.lang.String)[pri:0, instance:org.testrun.Rzpay_Testng_Run@28261e8e]" started-at="2023-09-13T17:25:01 IST" name="execution" data-provider="getTestData" finished-at="2023-09-13T17:25:07 IST" duration-ms="6530" status="PASS">
          <params>
            <param index="0">
              <value>
                <![CDATA[58]]>
              </value>
            </param>
            <param index="1">
              <value>
                <![CDATA[payment_method_not_enabled]]>
              </value>
            </param>
            <param index="2">
              <value>
                <![CDATA[Card]]>
              </value>
            </param>
            <param index="3">
              <value>
                <![CDATA[463.0]]>
              </value>
            </param>
            <param index="4">
              <value>
                <![CDATA[Payment failed,There were some technical issues in processing your payment,Kindly re-attempt payment using a different bank account or choose an alternate payment method ]]>
              </value>
            </param>
          </params>
          <reporter-output>
          </reporter-output>
        </test-method> <!-- execution -->
        <test-method signature="execution(java.lang.String,java.lang.String,java.lang.String,java.lang.String,java.lang.String)[pri:0, instance:org.testrun.Rzpay_Testng_Run@28261e8e]" started-at="2023-09-13T17:25:08 IST" name="execution" data-provider="getTestData" finished-at="2023-09-13T17:25:13 IST" duration-ms="5944" status="PASS">
          <params>
            <param index="0">
              <value>
                <![CDATA[59]]>
              </value>
            </param>
            <param index="1">
              <value>
                <![CDATA[payment_pending]]>
              </value>
            </param>
            <param index="2">
              <value>
                <![CDATA[Card]]>
              </value>
            </param>
            <param index="3">
              <value>
                <![CDATA[464.0]]>
              </value>
            </param>
            <param index="4">
              <value>
                <![CDATA[Payment Pending,You payment is under process,Kindly check the payment status after sometime. You will receive a SMS once the payment is processed and is successful]]>
              </value>
            </param>
          </params>
          <reporter-output>
          </reporter-output>
        </test-method> <!-- execution -->
        <test-method signature="execution(java.lang.String,java.lang.String,java.lang.String,java.lang.String,java.lang.String)[pri:0, instance:org.testrun.Rzpay_Testng_Run@28261e8e]" started-at="2023-09-13T17:25:13 IST" name="execution" data-provider="getTestData" finished-at="2023-09-13T17:25:19 IST" duration-ms="5829" status="PASS">
          <params>
            <param index="0">
              <value>
                <![CDATA[60]]>
              </value>
            </param>
            <param index="1">
              <value>
                <![CDATA[payment_pending_approval]]>
              </value>
            </param>
            <param index="2">
              <value>
                <![CDATA[Card]]>
              </value>
            </param>
            <param index="3">
              <value>
                <![CDATA[465.0]]>
              </value>
            </param>
            <param index="4">
              <value>
                <![CDATA[Payment failed,There were some issues in processing your payment,Kindly re-attempt the payment after sometime]]>
              </value>
            </param>
          </params>
          <reporter-output>
          </reporter-output>
        </test-method> <!-- execution -->
        <test-method signature="execution(java.lang.String,java.lang.String,java.lang.String,java.lang.String,java.lang.String)[pri:0, instance:org.testrun.Rzpay_Testng_Run@28261e8e]" started-at="2023-09-13T17:25:19 IST" name="execution" data-provider="getTestData" finished-at="2023-09-13T17:25:25 IST" duration-ms="6058" status="PASS">
          <params>
            <param index="0">
              <value>
                <![CDATA[61]]>
              </value>
            </param>
            <param index="1">
              <value>
                <![CDATA[payment_risk_check_failed]]>
              </value>
            </param>
            <param index="2">
              <value>
                <![CDATA[Card]]>
              </value>
            </param>
            <param index="3">
              <value>
                <![CDATA[466.0]]>
              </value>
            </param>
            <param index="4">
              <value>
                <![CDATA[Payment failed,There were some issues in processing your payment,Kindly re-attempt the payment after sometime]]>
              </value>
            </param>
          </params>
          <reporter-output>
          </reporter-output>
        </test-method> <!-- execution -->
        <test-method signature="execution(java.lang.String,java.lang.String,java.lang.String,java.lang.String,java.lang.String)[pri:0, instance:org.testrun.Rzpay_Testng_Run@28261e8e]" started-at="2023-09-13T17:25:25 IST" name="execution" data-provider="getTestData" finished-at="2023-09-13T17:25:32 IST" duration-ms="7012" status="PASS">
          <params>
            <param index="0">
              <value>
                <![CDATA[62]]>
              </value>
            </param>
            <param index="1">
              <value>
                <![CDATA[payment_session_expired]]>
              </value>
[...]
              </value>
            </param>
          </params>
          <reporter-output>
          </reporter-output>
        </test-method> <!-- execution -->
        <test-method signature="execution(java.lang.String,java.lang.String,java.lang.String,java.lang.String,java.lang.String)[pri:0, instance:org.testrun.Rzpay_Testng_Run@28261e8e]" started-at="2023-09-13T17:42:00 IST" name="execution" data-provider="getTestData" finished-at="2023-09-13T17:42:06 IST" duration-ms="5494" status="PASS">
          <params>
            <param index="0">
              <value>
                <![CDATA[232]]>
              </value>
            </param>
            <param index="1">
              <value>
                <![CDATA[psp_not_available]]>
              </value>
            </param>
            <param index="2">
              <value>
                <![CDATA[UPI]]>
              </value>
            </param>
            <param index="3">
              <value>
                <![CDATA[473.0]]>
              </value>
            </param>
            <param index="4">
              <value>
                <![CDATA[Payment failed,There were some technical issues in processing your payment,Kindly re-attempt the payment after sometime. Any amount deducted will be refunded within 5-7 working days.]]>
              </value>
            </param>
          </params>
          <reporter-output>
          </reporter-output>
        </test-method> <!-- execution -->
        <test-method signature="execution(java.lang.String,java.lang.String,java.lang.String,java.lang.String,java.lang.String)[pri:0, instance:org.testrun.Rzpay_Testng_Run@28261e8e]" started-at="2023-09-13T17:42:06 IST" name="execution" data-provider="getTestData" finished-at="2023-09-13T17:42:12 IST" duration-ms="5602" status="PASS">
          <params>
            <param index="0">
              <value>
                <![CDATA[233]]>
              </value>
            </param>
            <param index="1">
              <value>
                <![CDATA[psp_not_registered]]>
              </value>
            </param>
            <param index="2">
              <value>
                <![CDATA[UPI]]>
              </value>
            </param>
            <param index="3">
              <value>
                <![CDATA[474.0]]>
              </value>
            </param>
            <param index="4">
              <value>
                <![CDATA[Payment failed,There were some issues in processing your payment,Kindly re-attempt the payment after sometime]]>
              </value>
            </param>
          </params>
          <reporter-output>
          </reporter-output>
        </test-method> <!-- execution -->
        <test-method signature="execution(java.lang.String,java.lang.String,java.lang.String,java.lang.String,java.lang.String)[pri:0, instance:org.testrun.Rzpay_Testng_Run@28261e8e]" started-at="2023-09-13T17:42:12 IST" name="execution" data-provider="getTestData" finished-at="2023-09-13T17:42:17 IST" duration-ms="5498" status="PASS">
          <params>
            <param index="0">
              <value>
                <![CDATA[234]]>
              </value>
            </param>
            <param index="1">
              <value>
                <![CDATA[record_not_found]]>
              </value>
            </param>
            <param index="2">
              <value>
                <![CDATA[UPI]]>
              </value>
            </param>
            <param index="3">
              <value>
                <![CDATA[475.0]]>
              </value>
            </param>
            <param index="4">
              <value>
                <![CDATA[Payment failed,There were some issues in processing your payment,Kindly re-attempt the payment after sometime]]>
              </value>
            </param>
          </params>
          <reporter-output>
          </reporter-output>
        </test-method> <!-- execution -->
        <test-method signature="execution(java.lang.String,java.lang.String,java.lang.String,java.lang.String,java.lang.String)[pri:0, instance:org.testrun.Rzpay_Testng_Run@28261e8e]" started-at="2023-09-13T17:42:17 IST" name="execution" data-provider="getTestData" finished-at="2023-09-13T17:42:23 IST" duration-ms="5599" status="PASS">
          <params>
            <param index="0">
              <value>
                <![CDATA[235]]>
              </value>
            </param>
            <param index="1">
              <value>
                <![CDATA[reqauth_mandate_not_acknowledged]]>
              </value>
            </param>
            <param index="2">
              <value>
                <![CDATA[UPI]]>
              </value>
            </param>
            <param index="3">
              <value>
                <![CDATA[476.0]]>
              </value>
            </param>
            <param index="4">
              <value>
                <![CDATA[Payment failed,There were some technical issues in processing your payment,Kindly re-attempt the payment after sometime using a different card or choose an alternate payment method .]]>
              </value>
            </param>
          </params>
          <reporter-output>
          </reporter-output>
        </test-method> <!-- execution -->
        <test-method signature="execution(java.lang.String,java.lang.String,java.lang.String,java.lang.String,java.lang.String)[pri:0, instance:org.testrun.Rzpay_Testng_Run@28261e8e]" started-at="2023-09-13T17:42:23 IST" name="execution" data-provider="getTestData" finished-at="2023-09-13T17:42:28 IST" duration-ms="5814" status="PASS">
          <params>
            <param index="0">
              <value>
                <![CDATA[236]]>
              </value>
            </param>
            <param index="1">
              <value>
                <![CDATA[request_timed_out]]>
              </value>
            </param>
            <param index="2">
              <value>
                <![CDATA[UPI]]>
              </value>
            </param>
            <param index="3">
              <value>
                <![CDATA[477.0]]>
              </value>
            </param>
            <param index="4">
              <value>
                <![CDATA[Payment failed,Your payment request got timed out or there was a delay in response time from the UPI App,Kindly re-initiate the payment request again and accept before the transaction times out]]>
              </value>
            </param>
          </params>
          <reporter-output>
          </reporter-output>
        </test-method> <!-- execution -->
        <test-method signature="execution(java.lang.String,java.lang.String,java.lang.String,java.lang.String,java.lang.String)[pri:0, instance:org.testrun.Rzpay_Testng_Run@28261e8e]" started-at="2023-09-13T17:42:28 IST" name="execution" data-provider="getTestData" finished-at="2023-09-13T17:42:34 IST" duration-ms="5692" status="PASS">
          <params>
            <param index="0">
              <value>
                <![CDATA[237]]>
              </value>
            </param>
            <param index="1">
              <value>
                <![CDATA[server_error]]>
              </value>
            </param>
            <param index="2">
              <value>
                <![CDATA[UPI]]>
              </value>
            </param>
            <param index="3">
              <value>
                <![CDATA[478.0]]>
              </value>
            </param>
            <param index="4">
              <value>
                <![CDATA[Payment failed,There were some technical issues in processing your payment,Kindly re-attempt the payment after sometime using a different card or choose an alternate payment method .]]>
              </value>
            </param>
          </params>
          <reporter-output>
          </reporter-output>
        </test-method> <!-- execution -->
        <test-method signature="execution(java.lang.String,java.lang.String,java.lang.String,java.lang.String,java.lang.String)[pri:0, instance:org.testrun.Rzpay_Testng_Run@28261e8e]" started-at="2023-09-13T17:42:34 IST" name="execution" data-provider="getTestData" finished-at="2023-09-13T17:42:40 IST" duration-ms="5768" status="PASS">
          <params>
            <param index="0">
              <value>
                <![CDATA[238]]>
              </value>
            </param>
            <param index="1">
              <value>
                <![CDATA[transaction_daily_count_exceeded]]>
              </value>
            </param>
            <param index="2">
              <value>
                <![CDATA[UPI]]>
              </value>
            </param>
            <param index="3">
              <value>
                <![CDATA[479.0]]>
              </value>
            </param>
            <param index="4">
              <value>
                <![CDATA[Payment failed,There were some issues in processing your payment,Kindly re-attempt the payment after sometime]]>
              </value>
            </param>
          </params>
          <reporter-output>
          </reporter-output>
        </test-method> <!-- execution -->
        <test-method signature="execution(java.lang.String,java.lang.String,java.lang.String,java.lang.String,java.lang.String)[pri:0, instance:org.testrun.Rzpay_Testng_Run@28261e8e]" started-at="2023-09-13T17:42:40 IST" name="execution" data-provider="getTestData" finished-at="2023-09-13T17:42:45 IST" duration-ms="5484" status="PASS">
          <params>
            <param index="0">
              <value>
                <![CDATA[239]]>
              </value>
            </param>
            <param index="1">
              <value>
                <![CDATA[transaction_daily_limit_exceeded]]>
              </value>
            </param>
            <param index="2">
              <value>
                <![CDATA[UPI]]>
              </value>
            </param>
            <param index="3">
              <value>
                <![CDATA[480.0]]>
              </value>
            </param>
            <param index="4">
              <value>
                <![CDATA[Payment failed,There were some issues in processing your payment,Kindly re-attempt the payment after sometime]]>
              </value>
            </param>
          </params>
          <reporter-output>
          </reporter-output>
        </test-method> <!-- execution -->
        <test-method signature="execution(java.lang.String,java.lang.String,java.lang.String,java.lang.String,java.lang.String)[pri:0, instance:org.testrun.Rzpay_Testng_Run@28261e8e]" started-at="2023-09-13T17:42:45 IST" name="execution" data-provider="getTestData" finished-at="2023-09-13T17:42:51 IST" duration-ms="5997" status="PASS">
          <params>
            <param index="0">
              <value>
                <![CDATA[240]]>
              </value>
            </param>
            <param index="1">
              <value>
                <![CDATA[transaction_limit_exceeded]]>
              </value>
            </param>
            <param index="2">
              <value>
                <![CDATA[UPI]]>
              </value>
            </param>
            <param index="3">
              <value>
                <![CDATA[481.0]]>
              </value>
            </param>
            <param index="4">
              <value>
                <![CDATA[Payment failed,The credit/debit card using has reached the maximum daily transaction limit,Kindly re-attempt payment using net banking or UPI]]>
              </value>
            </param>
          </params>
          <reporter-output>
          </reporter-output>
        </test-method> <!-- execution -->
        <test-method signature="execution(java.lang.String,java.lang.String,java.lang.String,java.lang.String,java.lang.String)[pri:0, instance:org.testrun.Rzpay_Testng_Run@28261e8e]" started-at="2023-09-13T17:42:51 IST" name="execution" data-provider="getTestData" finished-at="2023-09-13T17:42:57 IST" duration-ms="5737" status="PASS">
          <params>
            <param index="0">
              <value>
                <![CDATA[241]]>
              </value>
            </param>
            <param index="1">
              <value>
                <![CDATA[transaction_frequency_limit_exceeded]]>
              </value>
            </param>
            <param index="2">
              <value>
                <![CDATA[UPI]]>
              </value>
            </param>
            <param index="3">
              <value>
                <![CDATA[482.0]]>
              </value>
            </param>
            <param index="4">
              <value>
                <![CDATA[Payment failed,The credit/debit card using has reached the maximum daily transaction limit,Kindly re-attempt payment using net banking or UPI]]>
              </value>
            </param>
          </params>
          <reporter-output>
          </reporter-output>
        </test-method> <!-- execution -->
        <test-method signature="execution(java.lang.String,java.lang.String,java.lang.String,java.lang.String,java.lang.String)[pri:0, instance:org.testrun.Rzpay_Testng_Run@28261e8e]" started-at="2023-09-13T17:42:57 IST" name="execution" data-provider="getTestData" finished-at="2023-09-13T17:43:03 IST" duration-ms="5706" status="PASS">
          <params>
            <param index="0">
              <value>
                <![CDATA[242]]>
              </value>
            </param>
            <param index="1">
              <value>
                <![CDATA[transaction_on_vpa_restricted]]>
              </value>
            </param>
            <param index="2">
              <value>
                <![CDATA[UPI]]>
              </value>
            </param>
            <param index="3">
              <value>
                <![CDATA[483.0]]>
              </value>
            </param>
            <param index="4">
              <value>
                <![CDATA[Payment failed,There were some technical issues in processing your payment,Kindly re-attempt the payment after sometime using a different card or choose an alternate payment method .]]>
              </value>
            </param>
          </params>
          <reporter-output>
          </reporter-output>
        </test-method> <!-- execution -->
        <test-method signature="execution(java.lang.String,java.lang.String,java.lang.String,java.lang.String,java.lang.String)[pri:0, instance:org.testrun.Rzpay_Testng_Run@28261e8e]" started-at="2023-09-13T17:43:03 IST" name="execution" data-provider="getTestData" finished-at="2023-09-13T17:43:08 IST" duration-ms="5585" status="PASS">
          <params>
            <param index="0">
              <value>
                <![CDATA[243]]>
              </value>
            </param>
            <param index="1">
              <value>
                <![CDATA[upi_app_technical_error]]>
              </value>
            </param>
            <param index="2">
              <value>
                <![CDATA[UPI]]>
              </value>
            </param>
            <param index="3">
              <value>
                <![CDATA[484.0]]>
              </value>
            </param>
            <param index="4">
              <value>
                <![CDATA[Payment failed,There were some issues in processing your payment,Kindly re-attempt the payment after sometime]]>
              </value>
            </param>
          </params>
          <reporter-output>
          </reporter-output>
        </test-method> <!-- execution -->
        <test-method signature="execution(java.lang.String,java.lang.String,java.lang.String,java.lang.String,java.lang.String)[pri:0, instance:org.testrun.Rzpay_Testng_Run@28261e8e]" started-at="2023-09-13T17:43:08 IST" name="execution" data-provider="getTestData" finished-at="2023-09-13T17:43:14 IST" duration-ms="5652" status="PASS">
          <params>
            <param index="0">
              <value>
                <![CDATA[244]]>
              </value>
            </param>
            <param index="1">
              <value>
                <![CDATA[user_not_registered_for_netbanking]]>
              </value>
            </param>
            <param index="2">
              <value>
                <![CDATA[UPI]]>
              </value>
            </param>
            <param index="3">
              <value>
                <![CDATA[485.0]]>
              </value>
            </param>
            <param index="4">
              <value>
                <![CDATA[Payment failed,There were some issues in processing your payment,Kindly re-attempt the payment after sometime]]>
              </value>
            </param>
          </params>
          <reporter-output>
          </reporter-output>
        </test-method> <!-- execution -->
        <test-method signature="execution(java.lang.String,java.lang.String,java.lang.String,java.lang.String,java.lang.String)[pri:0, instance:org.testrun.Rzpay_Testng_Run@28261e8e]" started-at="2023-09-13T17:43:14 IST" name="execution" data-provider="getTestData" finished-at="2023-09-13T17:43:20 IST" duration-ms="5551" status="PASS">
          <params>
            <param index="0">
              <value>
                <![CDATA[245]]>
              </value>
            </param>
            <param index="1">
              <value>
                <![CDATA[vpa_resolution_failed]]>
              </value>
            </param>
            <param index="2">
              <value>
                <![CDATA[UPI]]>
              </value>
            </param>
            <param index="3">
              <value>
                <![CDATA[486.0]]>
              </value>
            </param>
            <param index="4">
              <value>
                <![CDATA[Payment failed,You have entered an invalid or incorrect virtual payment address (VPA),Kindly re-attempt payment using net banking or UPI]]>
              </value>
            </param>
          </params>
          <reporter-output>
          </reporter-output>
        </test-method> <!-- execution -->
        <test-method signature="execution(java.lang.String,java.lang.String,java.lang.String,java.lang.String,java.lang.String)[pri:0, instance:org.testrun.Rzpay_Testng_Run@28261e8e]" started-at="2023-09-13T17:43:20 IST" name="execution" data-provider="getTestData" finished-at="2023-09-13T17:43:26 IST" duration-ms="5965" status="PASS">
          <params>
            <param index="0">
              <value>
                <![CDATA[246]]>
              </value>
            </param>
            <param index="1">
              <value>
                <![CDATA[verification_failed]]>
              </value>
            </param>
            <param index="2">
              <value>
                <![CDATA[UPI]]>
              </value>
            </param>
            <param index="3">
              <value>
                <![CDATA[487.0]]>
              </value>
            </param>
            <param index="4">
              <value>
                <![CDATA[Payment failed,You have entered an invalid or incorrect virtual payment address (VPA),Kindly re-attempt payment using net banking or UPI]]>
              </value>
            </param>
          </params>
          <reporter-output>
          </reporter-output>
        </test-method> <!-- execution -->
        <test-method is-config="true" signature="execStop()[pri:0, instance:org.testrun.Rzpay_Testng_Run@28261e8e]" started-at="2023-09-13T17:43:26 IST" name="execStop" finished-at="2023-09-13T17:43:26 IST" duration-ms="4" status="PASS">
          <reporter-output>
          </reporter-output>
        </test-method> <!-- execStop -->
      </class> <!-- org.testrun.Rzpay_Testng_Run -->
    </test> <!-- Default test -->
  </suite> <!-- Default suite -->
</testng-results>
